<?xml version="1.0" encoding="UTF-8"?>
<testsuite xmlns:xsi="http://www.w3.org/2001/XMLSchema-instance" xsi:noNamespaceSchemaLocation="https://maven.apache.org/surefire/maven-surefire-plugin/xsd/surefire-test-report-3.0.xsd" version="3.0" name="com.concurrency.app.CacheTest" time="0.149" tests="1" errors="0" skipped="0" failures="0">
  <properties>
[...]
</properties>
  <testcase name="testCachePutAndGet" classname="com.concurrency.app.CacheTest" time="0.095">
    <system-err><![CDATA[[main] INFO com.concurrency.cache.ThreadSafeCache - Putting into cache: key1 = value1
[main] INFO com.concurrency.cache.ThreadSafeCache - Getting from cache: key1
]]></system-err>
  </testcase>
</testsuite>