<?xml version="1.0" encoding="UTF-8"?>
<testsuite xmlns:xsi="http://www.w3.org/2001/XMLSchema-instance" xsi:noNamespaceSchemaLocation="https://maven.apache.org/surefire/maven-surefire-plugin/xsd/surefire-test-report-3.0.xsd" version="3.0" name="com.example.cache.CacheNegativeTest" time="0.747" tests="13" errors="0" skipped="0" failures="0">
  <properties>
[...]
</properties>
  <testcase name="testGetNullKey" classname="com.example.cache.CacheNegativeTest" time="0.434">
    <system-out><![CDATA[15:19:27.934 [main] ERROR com.example.cache.Cache - Attempted to get value with null key from cache
]]></system-out>
  </testcase>
  <testcase name="testMultipleRemoveSameKey" classname="com.example.cache.CacheNegativeTest" time="0.009">
    <system-out><![CDATA[15:19:27.963 [main] DEBUG com.example.cache.Cache - Added new cache entry for key: key
15:19:27.966 [main] DEBUG com.example.cache.Cache - Removed cache entry for key: key
15:19:27.966 [main] DEBUG com.example.cache.Cache - Attempted to remove non-existent key: key
15:19:27.967 [main] DEBUG com.example.cache.Cache - Cache size requested: 0
]]></system-out>
  </testcase>
  <testcase name="testOperationsAfterClear" classname="com.example.cache.CacheNegativeTest" time="0.009">
    <system-out><![CDATA[15:19:27.973 [main] DEBUG com.example.cache.Cache - Added new cache entry for key: key1
15:19:27.974 [main] INFO  com.example.cache.Cache - Cache cleared. Previous size: 1
15:19:27.975 [main] DEBUG com.example.cache.Cache - Added new cache entry for key: newKey
15:19:27.976 [main] DEBUG com.example.cache.Cache - ContainsKey check for key: newKey returned: true
15:19:27.976 [main] DEBUG com.example.cache.Cache - Cache size requested: 1
15:19:27.978 [main] DEBUG com.example.cache.Cache - Cache isEmpty check returned: false
]]></system-out>
  </testcase>
  <testcase name="testLargeNumberOfOperations" classname="com.example.cache.CacheNegativeTest" time="0.19">
    <system-out><![CDATA[15:19:27.986 [main] DEBUG com.example.cache.Cache - Added new cache entry for key: key0
15:19:27.988 [main] DEBUG com.example.cache.Cache - Added new cache entry for key: key1
15:19:27.988 [main] DEBUG com.example.cache.Cache - Added new cache entry for key: key2
15:19:27.989 [main] DEBUG com.example.cache.Cache - Added new cache entry for key: key3
15:19:27.989 [main] DEBUG com.example.cache.Cache - Added new cache entry for key: key4
15:19:27.990 [main] DEBUG com.example.cache.Cache - Added new cache entry for key: key5
15:19:27.990 [main] DEBUG com.example.cache.Cache - Added new cache entry for key: key6
15:19:27.990 [main] DEBUG com.example.cache.Cache - Added new cache entry for key: key7
15:19:27.990 [main] DEBUG com.example.cache.Cache - Added new cache entry for key: key8
15:19:27.990 [main] DEBUG com.example.cache.Cache - Added new cache entry for key: key9
15:19:27.990 [main] DEBUG com.example.cache.Cache - Added new cache entry for key: key10
15:19:27.991 [main] DEBUG com.example.cache.Cache - Added new cache entry for key: key11
15:19:27.991 [main] DEBUG com.example.cache.Cache - Added new cache entry for key: key12
15:19:27.991 [main] DEBUG com.example.cache.Cache - Added new cache entry for key: key13
15:19:27.991 [main] DEBUG com.example.cache.Cache - Added new cache entry for key: key14
15:19:27.991 [main] DEBUG com.example.cache.Cache - Added new cache entry for key: key15
15:19:27.991 [main] DEBUG com.example.cache.Cache - Added new cache entry for key: key16
15:19:27.992 [main] DEBUG com.example.cache.Cache - Added new cache entry for key: key17
15:19:27.992 [main] DEBUG com.example.cache.Cache - Added new cache entry for key: key18
15:19:27.992 [main] DEBUG com.example.cache.Cache - Added new cache entry for key: key19
15:19:27.992 [main] DEBUG com.example.cache.Cache - Added new cache entry for key: key20
15:19:27.992 [main] DEBUG com.example.cache.Cache - Added new cache entry for key: key21
15:19:27.993 [main] DEBUG com.example.cache.Cache - Added new cache entry for key: key22
15:19:27.993 [main] DEBUG com.example.cache.Cache - Added new cache entry for key: key23
15:19:27.993 [main] DEBUG com.example.cache.Cache - Added new cache entry for key: key24
15:19:27.993 [main] DEBUG com.example.cache.Cache - Added new cache entry for key: key25
15:19:27.993 [main] DEBUG com.example.cache.Cache - Added new cache entry for key: key26
15:19:27.993 [main] DEBUG com.example.cache.Cache - Added new cache entry for key: key27
15:19:27.994 [main] DEBUG com.example.cache.Cache - Added new cache entry for key: key28
15:19:27.994 [main] DEBUG com.example.cache.Cache - Added new cache entry for key: key29
15:19:27.994 [main] DEBUG com.example.cache.Cache - Added new cache entry for key: key30
15:19:27.994 [main] DEBUG com.example.cache.Cache - Added new cache entry for key: key31
15:19:27.994 [main] DEBUG com.example.cache.Cache - Added new cache entry for key: key32
15:19:27.994 [main] DEBUG com.example.cache.Cache - Added new cache entry for key: key33
15:19:27.995 [main] DEBUG com.example.cache.Cache - Added new cache entry for key: key34
15:19:27.995 [main] DEBUG com.example.cache.Cache - Added new cache entry for key: key35
15:19:27.995 [main] DEBUG com.example.cache.Cache - Added new cache entry for key: key36
15:19:27.995 [main] DEBUG com.example.cache.Cache - Added new cache entry for key: key37
15:19:27.995 [main] DEBUG com.example.cache.Cache - Added new cache entry for key: key38
15:19:27.995 [main] DEBUG com.example.cache.Cache - Added new cache entry for key: key39
15:19:27.996 [main] DEBUG com.example.cache.Cache - Added new cache entry for key: key40
15:19:27.996 [main] DEBUG com.example.cache.Cache - Added new cache entry for key: key41
15:19:27.996 [main] DEBUG com.example.cache.Cache - Added new cache entry for key: key42
15:19:27.996 [main] DEBUG com.example.cache.Cache - Added new cache entry for key: key43
15:19:27.996 [main] DEBUG com.example.cache.Cache - Added new cache entry for key: key44
15:19:27.997 [main] DEBUG com.example.cache.Cache - Added new cache entry for key: key45
15:19:27.997 [main] DEBUG com.example.cache.Cache - Added new cache entry for key: key46
15:19:27.997 [main] DEBUG com.example.cache.Cache - Added new cache entry for key: key47
15:19:27.997 [main] DEBUG com.example.cache.Cache - Added new cache entry for key: key48
15:19:27.997 [main] DEBUG com.example.cache.Cache - Added new cache entry for key: key49
15:19:27.997 [main] DEBUG com.example.cache.Cache - Added new cache entry for key: key50
15:19:27.998 [main] DEBUG com.example.cache.Cache - Added new cache entry for key: key51
15:19:27.998 [main] DEBUG com.example.cache.Cache - Added new cache entry for key: key52
15:19:27.998 [main] DEBUG com.example.cache.Cache - Added new cache entry for key: key53
15:19:27.998 [main] DEBUG com.example.cache.Cache - Added new cache entry for key: key54
15:19:27.998 [main] DEBUG com.example.cache.Cache - Added new cache entry for key: key55
15:19:27.998 [main] DEBUG com.example.cache.Cache - Added new cache entry for key: key56
15:19:27.998 [main] DEBUG com.example.cache.Cache - Added new cache entry for key: key57
15:19:27.998 [main] DEBUG com.example.cache.Cache - Added new cache entry for key: key58
15:19:27.999 [main] DEBUG com.example.cache.Cache - Added new cache entry for key: key59
15:19:27.999 [main] DEBUG com.example.cache.Cache - Added new cache entry for key: key60
15:19:27.999 [main] DEBUG com.example.cache.Cache - Added new cache entry for key: key61
15:19:27.999 [main] DEBUG com.example.cache.Cache - Added new cache entry for key: key62
15:19:27.999 [main] DEBUG com.example.cache.Cache - Added new cache entry for key: key63
15:19:27.999 [main] DEBUG com.example.cache.Cache - Added new cache entry for key: key64
15:19:27.999 [main] DEBUG com.example.cache.Cache - Added new cache entry for key: key65
15:19:28.000 [main] DEBUG com.example.cache.Cache - Added new cache entry for key: key66
15:19:28.000 [main] DEBUG com.example.cache.Cache - Added new cache entry for key: key67
15:19:28.000 [main] DEBUG com.example.cache.Cache - Added new cache entry for key: key68
15:19:28.000 [main] DEBUG com.example.cache.Cache - Added new cache entry for key: key69
15:19:28.000 [main] DEBUG com.example.cache.Cache - Added new cache entry for key: key70
15:19:28.000 [main] DEBUG com.example.cache.Cache - Added new cache entry for key: key71
15:19:28.000 [main] DEBUG com.example.cache.Cache - Added new cache entry for key: key72
15:19:28.000 [main] DEBUG com.example.cache.Cache - Added new cache entry for key: key73
15:19:28.001 [main] DEBUG com.example.cache.Cache - Added new cache entry for key: key74
15:19:28.001 [main] DEBUG com.example.cache.Cache - Added new cache entry for key: key75
15:19:28.001 [main] DEBUG com.example.cache.Cache - Added new cache entry for key: key76
15:19:28.001 [main] DEBUG com.example.cache.Cache - Added new cache entry for key: key77
15:19:28.001 [main] DEBUG com.example.cache.Cache - Added new cache entry for key: key78
15:19:28.001 [main] DEBUG com.example.cache.Cache - Added new cache entry for key: key79
15:19:28.001 [main] DEBUG com.example.cache.Cache - Added new cache entry for key: key80
15:19:28.002 [main] DEBUG com.example.cache.Cache - Added new cache entry for key: key81
15:19:28.002 [main] DEBUG com.example.cache.Cache - Added new cache entry for key: key82
15:19:28.002 [main] DEBUG com.example.cache.Cache - Added new cache entry for key: key83
15:19:28.002 [main] DEBUG com.example.cache.Cache - Added new cache entry for key: key84
15:19:28.002 [main] DEBUG com.example.cache.Cache - Added new cache entry for key: key85
15:19:28.002 [main] DEBUG com.example.cache.Cache - Added new cache entry for key: key86
15:19:28.003 [main] DEBUG com.example.cache.Cache - Added new cache entry for key: key87
15:19:28.003 [main] DEBUG com.example.cache.Cache - Added new cache entry for key: key88
15:19:28.003 [main] DEBUG com.example.cache.Cache - Added new cache entry for key: key89
15:19:28.003 [main] DEBUG com.example.cache.Cache - Added new cache entry for key: key90
15:19:28.003 [main] DEBUG com.example.cache.Cache - Added new cache entry for key: key91
15:19:28.003 [main] DEBUG com.example.cache.Cache - Added new cache entry for key: key92
15:19:28.003 [main] DEBUG com.example.cache.Cache - Added new cache entry for key: key93
15:19:28.003 [main] DEBUG com.example.cache.Cache - Added new cache entry for key: key94
15:19:28.004 [main] DEBUG com.example.cache.Cache - Added new cache entry for key: key95
15:19:28.004 [main] DEBUG com.example.cache.Cache - Added new cache entry for key: key96
15:19:28.004 [main] DEBUG com.example.cache.Cache - Added new cache entry for key: key97
15:19:28.004 [main] DEBUG com.example.cache.Cache - Added new cache entry for key: key98
15:19:28.004 [main] DEBUG com.example.cache.Cache - Added new cache entry for key: key99
15:19:28.004 [main] DEBUG com.example.cache.Cache - Added new cache entry for key: key100
15:19:28.004 [main] DEBUG com.example.cache.Cache - Added new cache entry for key: key101
15:19:28.005 [main] DEBUG com.example.cache.Cache - Added new cache entry for key: key102
15:19:28.005 [main] DEBUG com.example.cache.Cache - Added new cache entry for key: key103
15:19:28.005 [main] DEBUG com.example.cache.Cache - Added new cache entry for key: key104
15:19:28.005 [main] DEBUG com.example.cache.Cache - Added new cache entry for key: key105
15:19:28.005 [main] DEBUG com.example.cache.Cache - Added new cache entry for key: key106
15:19:28.005 [main] DEBUG com.example.cache.Cache - Added new cache entry for key: key107
15:19:28.005 [main] DEBUG com.example.cache.Cache - Added new cache entry for key: key108
15:19:28.006 [main] DEBUG com.example.cache.Cache - Added new cache entry for key: key109
15:19:28.006 [main] DEBUG com.example.cache.Cache - Added new cache entry for key: key110
15:19:28.006 [main] DEBUG com.example.cache.Cache - Added new cache entry for key: key111
15:19:28.006 [main] DEBUG com.example.cache.Cache - Added new cache entry for key: key112
15:19:28.006 [main] DEBUG com.example.cache.Cache - Added new cache entry for key: key113
15:19:28.007 [main] DEBUG com.example.cache.Cache - Added new cache entry for key: key114
15:19:28.007 [main] DEBUG com.example.cache.Cache - Added new cache entry for key: key115
15:19:28.007 [main] DEBUG com.example.cache.Cache - Added new cache entry for key: key116
15:19:28.008 [main] DEBUG com.example.cache.Cache - Added new cache entry for key: key117
15:19:28.008 [main] DEBUG com.example.cache.Cache - Added new cache entry for key: key118
15:19:28.008 [main] DEBUG com.example.cache.Cache - Added new cache entry for key: key119
15:19:28.008 [main] DEBUG com.example.cache.Cache - Added new cache entry for key: key120
15:19:28.009 [main] DEBUG com.example.cache.Cache - Added new cache entry for key: key121
15:19:28.009 [main] DEBUG com.example.cache.Cache - Added new cache entry for key: key122
15:19:28.009 [main] DEBUG com.example.cache.Cache - Added new cache entry for key: key123
15:19:28.009 [main] DEBUG com.example.cache.Cache - Added new cache entry for key: key124
15:19:28.009 [main] DEBUG com.example.cache.Cache - Added new cache entry for key: key125
15:19:28.009 [main] DEBUG com.example.cache.Cache - Added new cache entry for key: key126
15:19:28.009 [main] DEBUG com.example.cache.Cache - Added new cache entry for key: key127
15:19:28.009 [main] DEBUG com.example.cache.Cache - Added new cache entry for key: key128
15:19:28.010 [main] DEBUG com.example.cache.Cache - Added new cache entry for key: key129
15:19:28.010 [main] DEBUG com.example.cache.Cache - Added new cache entry for key: key130
15:19:28.010 [main] DEBUG com.example.cache.Cache - Added new cache entry for key: key131
15:19:28.010 [main] DEBUG com.example.cache.Cache - Added new cache entry for key: key132
15:19:28.010 [main] DEBUG com.example.cache.Cache - Added new cache entry for key: key133
15:19:28.010 [main] DEBUG com.example.cache.Cache - Added new cache entry for key: key134
15:19:28.010 [main] DEBUG com.example.cache.Cache - Added new cache entry for key: key135
15:19:28.010 [main] DEBUG com.example.cache.Cache - Added new cache entry for key: key136
15:19:28.011 [main] DEBUG com.example.cache.Cache - Added new cache entry for key: key137
15:19:28.011 [main] DEBUG com.example.cache.Cache - Added new cache entry for key: key138
15:19:28.011 [main] DEBUG com.example.cache.Cache - Added new cache entry for key: key139
15:19:28.011 [main] DEBUG com.example.cache.Cache - Added new cache entry for key: key140
15:19:28.011 [main] DEBUG com.example.cache.Cache - Added new cache entry for key: key141
15:19:28.011 [main] DEBUG com.example.cache.Cache - Added new cache entry for key: key142
15:19:28.011 [main] DEBUG com.example.cache.Cache - Added new cache entry for key: key143
15:19:28.011 [main] DEBUG com.example.cache.Cache - Added new cache entry for key: key144
15:19:28.011 [main] DEBUG com.example.cache.Cache - Added new cache entry for key: key145
15:19:28.011 [main] DEBUG com.example.cache.Cache - Added new cache entry for key: key146
15:19:28.012 [main] DEBUG com.example.cache.Cache - Added new cache entry for key: key147
15:19:28.012 [main] DEBUG com.example.cache.Cache - Added new cache entry for key: key148
15:19:28.012 [main] DEBUG com.example.cache.Cache - Added new cache entry for key: key149
15:19:28.012 [main] DEBUG com.example.cache.Cache - Added new cache entry for key: key150
15:19:28.012 [main] DEBUG com.example.cache.Cache - Added new cache entry for key: key151
15:19:28.013 [main] DEBUG com.example.cache.Cache - Added new cache entry for key: key152
15:19:28.013 [main] DEBUG com.example.cache.Cache - Added new cache entry for key: key153
15:19:28.013 [main] DEBUG com.example.cache.Cache - Added new cache entry for key: key154
15:19:28.013 [main] DEBUG com.example.cache.Cache - Added new cache entry for key: key155
15:19:28.013 [main] DEBUG com.example.cache.Cache - Added new cache entry for key: key156
15:19:28.013 [main] DEBUG com.example.cache.Cache - Added new cache entry for key: key157
15:19:28.013 [main] DEBUG com.example.cache.Cache - Added new cache entry for key: key158
15:19:28.014 [main] DEBUG com.example.cache.Cache - Added new cache entry for key: key159
15:19:28.014 [main] DEBUG com.example.cache.Cache - Added new cache entry for key: key160
15:19:28.014 [main] DEBUG com.example.cache.Cache - Added new cache entry for key: key161
15:19:28.014 [main] DEBUG com.example.cache.Cache - Added new cache entry for key: key162
15:19:28.014 [main] DEBUG com.example.cache.Cache - Added new cache entry for key: key163
15:19:28.014 [main] DEBUG com.example.cache.Cache - Added new cache entry for key: key164
15:19:28.014 [main] DEBUG com.example.cache.Cache - Added new cache entry for key: key165
15:19:28.014 [main] DEBUG com.example.cache.Cache - Added new cache entry for key: key166
15:19:28.015 [main] DEBUG com.example.cache.Cache - Added new cache entry for key: key167
15:19:28.015 [main] DEBUG com.example.cache.Cache - Added new cache entry for key: key168
15:19:28.015 [main] DEBUG com.example.cache.Cache - Added new cache entry for key: key169
15:19:28.015 [main] DEBUG com.example.cache.Cache - Added new cache entry for key: key170
15:19:28.015 [main] DEBUG com.example.cache.Cache - Added new cache entry for key: key171
15:19:28.015 [main] DEBUG com.example.cache.Cache - Added new cache entry for key: key172
15:19:28.015 [main] DEBUG com.example.cache.Cache - Added new cache entry for key: key173
15:19:28.016 [main] DEBUG com.example.cache.Cache - Added new cache entry for key: key174
15:19:28.016 [main] DEBUG com.example.cache.Cache - Added new cache entry for key: key175
15:19:28.016 [main] DEBUG com.example.cache.Cache - Added new cache entry for key: key176
15:19:28.016 [main] DEBUG com.example.cache.Cache - Added new cache entry for key: key177
15:19:28.016 [main] DEBUG com.example.cache.Cache - Added new cache entry for key: key178
15:19:28.016 [main] DEBUG com.example.cache.Cache - Added new cache entry for key: key179
15:19:28.016 [main] DEBUG com.example.cache.Cache - Added new cache entry for key: key180
15:19:28.016 [main] DEBUG com.example.cache.Cache - Added new cache entry for key: key181
15:19:28.016 [main] DEBUG com.example.cache.Cache - Added new cache entry for key: key182
15:19:28.017 [main] DEBUG com.example.cache.Cache - Added new cache entry for key: key183
15:19:28.017 [main] DEBUG com.example.cache.Cache - Added new cache entry for key: key184
15:19:28.017 [main] DEBUG com.example.cache.Cache - Added new cache entry for key: key185
15:19:28.017 [main] DEBUG com.example.cache.Cache - Added new cache entry for key: key186
15:19:28.017 [main] DEBUG com.example.cache.Cache - Added new cache entry for key: key187
15:19:28.017 [main] DEBUG com.example.cache.Cache - Added new cache entry for key: key188
15:19:28.017 [main] DEBUG com.example.cache.Cache - Added new cache entry for key: key189
15:19:28.017 [main] DEBUG com.example.cache.Cache - Added new cache entry for key: key190
15:19:28.017 [main] DEBUG com.example.cache.Cache - Added new cache entry for key: key191
15:19:28.018 [main] DEBUG com.example.cache.Cache - Added new cache entry for key: key192
15:19:28.018 [main] DEBUG com.example.cache.Cache - Added new cache entry for key: key193
15:19:28.018 [main] DEBUG com.example.cache.Cache - Added new cache entry for key: key194
15:19:28.018 [main] DEBUG com.example.cache.Cache - Added new cache entry for key: key195
15:19:28.018 [main] DEBUG com.example.cache.Cache - Added new cache entry for key: key196
15:19:28.018 [main] DEBUG com.example.cache.Cache - Added new cache entry for key: key197
15:19:28.018 [main] DEBUG com.example.cache.Cache - Added new cache entry for key: key198
15:19:28.018 [main] DEBUG com.example.cache.Cache - Added new cache entry for key: key199
15:19:28.019 [main] DEBUG com.example.cache.Cache - Added new cache entry for key: key200
15:19:28.019 [main] DEBUG com.example.cache.Cache - Added new cache entry for key: key201
15:19:28.019 [main] DEBUG com.example.cache.Cache - Added new cache entry for key: key202
15:19:28.019 [main] DEBUG com.example.cache.Cache - Added new cache entry for key: key203
15:19:28.019 [main] DEBUG com.example.cache.Cache - Added new cache entry for key: key204
15:19:28.019 [main] DEBUG com.example.cache.Cache - Added new cache entry for key: key205
15:19:28.019 [main] DEBUG com.example.cache.Cache - Added new cache entry for key: key206
15:19:28.020 [main] DEBUG com.example.cache.Cache - Added new cache entry for key: key207
15:19:28.020 [main] DEBUG com.example.cache.Cache - Added new cache entry for key: key208
15:19:28.020 [main] DEBUG com.example.cache.Cache - Added new cache entry for key: key209
15:19:28.020 [main] DEBUG com.example.cache.Cache - Added new cache entry for key: key210
15:19:28.020 [main] DEBUG com.example.cache.Cache - Added new cache entry for key: key211
15:19:28.020 [main] DEBUG com.example.cache.Cache - Added new cache entry for key: key212
15:19:28.020 [main] DEBUG com.example.cache.Cache - Added new cache entry for key: key213
15:19:28.020 [main] DEBUG com.example.cache.Cache - Added new cache entry for key: key214
15:19:28.020 [main] DEBUG com.example.cache.Cache - Added new cache entry for key: key215
15:19:28.021 [main] DEBUG com.example.cache.Cache - Added new cache entry for key: key216
15:19:28.021 [main] DEBUG com.example.cache.Cache - Added new cache entry for key: key217
15:19:28.021 [main] DEBUG com.example.cache.Cache - Added new cache entry for key: key218
15:19:28.021 [main] DEBUG com.example.cache.Cache - Added new cache entry for key: key219
15:19:28.021 [main] DEBUG com.example.cache.Cache - Added new cache entry for key: key220
15:19:28.021 [main] DEBUG com.example.cache.Cache - Added new cache entry for key: key221
15:19:28.021 [main] DEBUG com.example.cache.Cache - Added new cache entry for key: key222
15:19:28.021 [main] DEBUG com.example.cache.Cache - Added new cache entry for key: key223
15:19:28.021 [main] DEBUG com.example.cache.Cache - Added new cache entry for key: key224
15:19:28.021 [main] DEBUG com.example.cache.Cache - Added new cache entry for key: key225
15:19:28.022 [main] DEBUG com.example.cache.Cache - Added new cache entry for key: key226
15:19:28.022 [main] DEBUG com.example.cache.Cache - Added new cache entry for key: key227
15:19:28.022 [main] DEBUG com.example.cache.Cache - Added new cache entry for key: key228
15:19:28.022 [main] DEBUG com.example.cache.Cache - Added new cache entry for key: key229
15:19:28.022 [main] DEBUG com.example.cache.Cache - Added new cache entry for key: key230
15:19:28.023 [main] DEBUG com.example.cache.Cache - Added new cache entry for key: key231
15:19:28.023 [main] DEBUG com.example.cache.Cache - Added new cache entry for key: key232
15:19:28.023 [main] DEBUG com.example.cache.Cache - Added new cache entry for key: key233
15:19:28.023 [main] DEBUG com.example.cache.Cache - Added new cache entry for key: key234
15:19:28.023 [main] DEBUG com.example.cache.Cache - Added new cache entry for key: key235
15:19:28.023 [main] DEBUG com.example.cache.Cache - Added new cache entry for key: key236
15:19:28.024 [main] DEBUG com.example.cache.Cache - Added new cache entry for key: key237
15:19:28.024 [main] DEBUG com.example.cache.Cache - Added new cache entry for key: key238
15:19:28.024 [main] DEBUG com.example.cache.Cache - Added new cache entry for key: key239
15:19:28.024 [main] DEBUG com.example.cache.Cache - Added new cache entry for key: key240
15:19:28.024 [main] DEBUG com.example.cache.Cache - Added new cache entry for key: key241
15:19:28.024 [main] DEBUG com.example.cache.Cache - Added new cache entry for key: key242
15:19:28.025 [main] DEBUG com.example.cache.Cache - Added new cache entry for key: key243
15:19:28.025 [main] DEBUG com.example.cache.Cache - Added new cache entry for key: key244
15:19:28.025 [main] DEBUG com.example.cache.Cache - Added new cache entry for key: key245
15:19:28.025 [main] DEBUG com.example.cache.Cache - Added new cache entry for key: key246
15:19:28.025 [main] DEBUG com.example.cache.Cache - Added new cache entry for key: key247
15:19:28.025 [main] DEBUG com.example.cache.Cache - Added new cache entry for key: key248
15:19:28.026 [main] DEBUG com.example.cache.Cache - Added new cache entry for key: key249
15:19:28.026 [main] DEBUG com.example.cache.Cache - Added new cache entry for key: key250
15:19:28.026 [main] DEBUG com.example.cache.Cache - Added new cache entry for key: key251
15:19:28.026 [main] DEBUG com.example.cache.Cache - Added new cache entry for key: key252
15:19:28.026 [main] DEBUG com.example.cache.Cache - Added new cache entry for key: key253
15:19:28.026 [main] DEBUG com.example.cache.Cache - Added new cache entry for key: key254
15:19:28.026 [main] DEBUG com.example.cache.Cache - Added new cache entry for key: key255
15:19:28.026 [main] DEBUG com.example.cache.Cache - Added new cache entry for key: key256
15:19:28.026 [main] DEBUG com.example.cache.Cache - Added new cache entry for key: key257
15:19:28.027 [main] DEBUG com.example.cache.Cache - Added new cache entry for key: key258
15:19:28.027 [main] DEBUG com.example.cache.Cache - Added new cache entry for key: key259
15:19:28.027 [main] DEBUG com.example.cache.Cache - Added new cache entry for key: key260
15:19:28.027 [main] DEBUG com.example.cache.Cache - Added new cache entry for key: key261
15:19:28.027 [main] DEBUG com.example.cache.Cache - Added new cache entry for key: key262
15:19:28.027 [main] DEBUG com.example.cache.Cache - Added new cache entry for key: key263
15:19:28.027 [main] DEBUG com.example.cache.Cache - Added new cache entry for key: key264
15:19:28.027 [main] DEBUG com.example.cache.Cache - Added new cache entry for key: key265
15:19:28.027 [main] DEBUG com.example.cache.Cache - Added new cache entry for key: key266
15:19:28.027 [main] DEBUG com.example.cache.Cache - Added new cache entry for key: key267
15:19:28.027 [main] DEBUG com.example.cache.Cache - Added new cache entry for key: key268
15:19:28.028 [main] DEBUG com.example.cache.Cache - Added new cache entry for key: key269
15:19:28.028 [main] DEBUG com.example.cache.Cache - Added new cache entry for key: key270
15:19:28.028 [main] DEBUG com.example.cache.Cache - Added new cache entry for key: key271
15:19:28.028 [main] DEBUG com.example.cache.Cache - Added new cache entry for key: key272
15:19:28.028 [main] DEBUG com.example.cache.Cache - Added new cache entry for key: key273
15:19:28.028 [main] DEBUG com.example.cache.Cache - Added new cache entry for key: key274
15:19:28.028 [main] DEBUG com.example.cache.Cache - Added new cache entry for key: key275
15:19:28.028 [main] DEBUG com.example.cache.Cache - Added new cache entry for key: key276
15:19:28.028 [main] DEBUG com.example.cache.Cache - Added new cache entry for key: key277
15:19:28.028 [main] DEBUG com.example.cache.Cache - Added new cache entry for key: key278
15:19:28.029 [main] DEBUG com.example.cache.Cache - Added new cache entry for key: key279
15:19:28.029 [main] DEBUG com.example.cache.Cache - Added new cache entry for key: key280
15:19:28.029 [main] DEBUG com.example.cache.Cache - Added new cache entry for key: key281
15:19:28.029 [main] DEBUG com.example.cache.Cache - Added new cache entry for key: key282
15:19:28.029 [main] DEBUG com.example.cache.Cache - Added new cache entry for key: key283
15:19:28.029 [main] DEBUG com.example.cache.Cache - Added new cache entry for key: key284
15:19:28.030 [main] DEBUG com.example.cache.Cache - Added new cache entry for key: key285
15:19:28.030 [main] DEBUG com.example.cache.Cache - Added new cache entry for key: key286
15:19:28.030 [main] DEBUG com.example.cache.Cache - Added new cache entry for key: key287
15:19:28.030 [main] DEBUG com.example.cache.Cache - Added new cache entry for key: key288
15:19:28.030 [main] DEBUG com.example.cache.Cache - Added new cache entry for key: key289
15:19:28.030 [main] DEBUG com.example.cache.Cache - Added new cache entry for key: key290
15:19:28.030 [main] DEBUG com.example.cache.Cache - Added new cache entry for key: key291
15:19:28.030 [main] DEBUG com.example.cache.Cache - Added new cache entry for key: key292
15:19:28.030 [main] DEBUG com.example.cache.Cache - Added new cache entry for key: key293
15:19:28.031 [main] DEBUG com.example.cache.Cache - Added new cache entry for key: key294
15:19:28.031 [main] DEBUG com.example.cache.Cache - Added new cache entry for key: key295
15:19:28.031 [main] DEBUG com.example.cache.Cache - Added new cache entry for key: key296
15:19:28.031 [main] DEBUG com.example.cache.Cache - Added new cache entry for key: key297
15:19:28.031 [main] DEBUG com.example.cache.Cache - Added new cache entry for key: key298
15:19:28.031 [main] DEBUG com.example.cache.Cache - Added new cache entry for key: key299
15:19:28.031 [main] DEBUG com.example.cache.Cache - Added new cache entry for key: key300
15:19:28.032 [main] DEBUG com.example.cache.Cache - Added new cache entry for key: key301
15:19:28.032 [main] DEBUG com.example.cache.Cache - Added new cache entry for key: key302
15:19:28.032 [main] DEBUG com.example.cache.Cache - Added new cache entry for key: key303
15:19:28.032 [main] DEBUG com.example.cache.Cache - Added new cache entry for key: key304
15:19:28.032 [main] DEBUG com.example.cache.Cache - Added new cache entry for key: key305
15:19:28.032 [main] DEBUG com.example.cache.Cache - Added new cache entry for key: key306
15:19:28.032 [main] DEBUG com.example.cache.Cache - Added new cache entry for key: key307
15:19:28.032 [main] DEBUG com.example.cache.Cache - Added new cache entry for key: key308
15:19:28.032 [main] DEBUG com.example.cache.Cache - Added new cache entry for key: key309
15:19:28.033 [main] DEBUG com.example.cache.Cache - Added new cache entry for key: key310
15:19:28.033 [main] DEBUG com.example.cache.Cache - Added new cache entry for key: key311
15:19:28.033 [main] DEBUG com.example.cache.Cache - Added new cache entry for key: key312
15:19:28.033 [main] DEBUG com.example.cache.Cache - Added new cache entry for key: key313
15:19:28.033 [main] DEBUG com.example.cache.Cache - Added new cache entry for key: key314
15:19:28.033 [main] DEBUG com.example.cache.Cache - Added new cache entry for key: key315
15:19:28.033 [main] DEBUG com.example.cache.Cache - Added new cache entry for key: key316
15:19:28.033 [main] DEBUG com.example.cache.Cache - Added new cache entry for key: key317
15:19:28.033 [main] DEBUG com.example.cache.Cache - Added new cache entry for key: key318
15:19:28.033 [main] DEBUG com.example.cache.Cache - Added new cache entry for key: key319
15:19:28.033 [main] DEBUG com.example.cache.Cache - Added new cache entry for key: key320
15:19:28.034 [main] DEBUG com.example.cache.Cache - Added new cache entry for key: key321
15:19:28.034 [main] DEBUG com.example.cache.Cache - Added new cache entry for key: key322
15:19:28.034 [main] DEBUG com.example.cache.Cache - Added new cache entry for key: key323
15:19:28.034 [main] DEBUG com.example.cache.Cache - Added new cache entry for key: key324
15:19:28.034 [main] DEBUG com.example.cache.Cache - Added new cache entry for key: key325
15:19:28.034 [main] DEBUG com.example.cache.Cache - Added new cache entry for key: key326
15:19:28.034 [main] DEBUG com.example.cache.Cache - Added new cache entry for key: key327
15:19:28.034 [main] DEBUG com.example.cache.Cache - Added new cache entry for key: key328
15:19:28.034 [main] DEBUG com.example.cache.Cache - Added new cache entry for key: key329
15:19:28.034 [main] DEBUG com.example.cache.Cache - Added new cache entry for key: key330
15:19:28.034 [main] DEBUG com.example.cache.Cache - Added new cache entry for key: key331
15:19:28.035 [main] DEBUG com.example.cache.Cache - Added new cache entry for key: key332
15:19:28.035 [main] DEBUG com.example.cache.Cache - Added new cache entry for key: key333
15:19:28.035 [main] DEBUG com.example.cache.Cache - Added new cache entry for key: key334
15:19:28.035 [main] DEBUG com.example.cache.Cache - Added new cache entry for key: key335
15:19:28.035 [main] DEBUG com.example.cache.Cache - Added new cache entry for key: key336
15:19:28.035 [main] DEBUG com.example.cache.Cache - Added new cache entry for key: key337
15:19:28.035 [main] DEBUG com.example.cache.Cache - Added new cache entry for key: key338
15:19:28.035 [main] DEBUG com.example.cache.Cache - Added new cache entry for key: key339
15:19:28.035 [main] DEBUG com.example.cache.Cache - Added new cache entry for key: key340
15:19:28.035 [main] DEBUG com.example.cache.Cache - Added new cache entry for key: key341
15:19:28.035 [main] DEBUG com.example.cache.Cache - Added new cache entry for key: key342
15:19:28.036 [main] DEBUG com.example.cache.Cache - Added new cache entry for key: key343
15:19:28.036 [main] DEBUG com.example.cache.Cache - Added new cache entry for key: key344
15:19:28.036 [main] DEBUG com.example.cache.Cache - Added new cache entry for key: key345
15:19:28.036 [main] DEBUG com.example.cache.Cache - Added new cache entry for key: key346
15:19:28.036 [main] DEBUG com.example.cache.Cache - Added new cache entry for key: key347
15:19:28.036 [main] DEBUG com.example.cache.Cache - Added new cache entry for key: key348
15:19:28.036 [main] DEBUG com.example.cache.Cache - Added new cache entry for key: key349
15:19:28.036 [main] DEBUG com.example.cache.Cache - Added new cache entry for key: key350
15:19:28.036 [main] DEBUG com.example.cache.Cache - Added new cache entry for key: key351
15:19:28.036 [main] DEBUG com.example.cache.Cache - Added new cache entry for key: key352
15:19:28.036 [main] DEBUG com.example.cache.Cache - Added new cache entry for key: key353
15:19:28.036 [main] DEBUG com.example.cache.Cache - Added new cache entry for key: key354
15:19:28.036 [main] DEBUG com.example.cache.Cache - Added new cache entry for key: key355
15:19:28.037 [main] DEBUG com.example.cache.Cache - Added new cache entry for key: key356
15:19:28.037 [main] DEBUG com.example.cache.Cache - Added new cache entry for key: key357
15:19:28.037 [main] DEBUG com.example.cache.Cache - Added new cache entry for key: key358
15:19:28.037 [main] DEBUG com.example.cache.Cache - Added new cache entry for key: key359
15:19:28.037 [main] DEBUG com.example.cache.Cache - Added new cache entry for key: key360
15:19:28.037 [main] DEBUG com.example.cache.Cache - Added new cache entry for key: key361
15:19:28.037 [main] DEBUG com.example.cache.Cache - Added new cache entry for key: key362
15:19:28.037 [main] DEBUG com.example.cache.Cache - Added new cache entry for key: key363
15:19:28.037 [main] DEBUG com.example.cache.Cache - Added new cache entry for key: key364
15:19:28.037 [main] DEBUG com.example.cache.Cache - Added new cache entry for key: key365
15:19:28.038 [main] DEBUG com.example.cache.Cache - Added new cache entry for key: key366
15:19:28.038 [main] DEBUG com.example.cache.Cache - Added new cache entry for key: key367
15:19:28.038 [main] DEBUG com.example.cache.Cache - Added new cache entry for key: key368
15:19:28.038 [main] DEBUG com.example.cache.Cache - Added new cache entry for key: key369
15:19:28.038 [main] DEBUG com.example.cache.Cache - Added new cache entry for key: key370
15:19:28.038 [main] DEBUG com.example.cache.Cache - Added new cache entry for key: key371
15:19:28.038 [main] DEBUG com.example.cache.Cache - Added new cache entry for key: key372
15:19:28.038 [main] DEBUG com.example.cache.Cache - Added new cache entry for key: key373
15:19:28.039 [main] DEBUG com.example.cache.Cache - Added new cache entry for key: key374
15:19:28.039 [main] DEBUG com.example.cache.Cache - Added new cache entry for key: key375
15:19:28.039 [main] DEBUG com.example.cache.Cache - Added new cache entry for key: key376
15:19:28.039 [main] DEBUG com.example.cache.Cache - Added new cache entry for key: key377
15:19:28.039 [main] DEBUG com.example.cache.Cache - Added new cache entry for key: key378
15:19:28.039 [main] DEBUG com.example.cache.Cache - Added new cache entry for key: key379
15:19:28.039 [main] DEBUG com.example.cache.Cache - Added new cache entry for key: key380
15:19:28.039 [main] DEBUG com.example.cache.Cache - Added new cache entry for key: key381
15:19:28.039 [main] DEBUG com.example.cache.Cache - Added new cache entry for key: key382
15:19:28.039 [main] DEBUG com.example.cache.Cache - Added new cache entry for key: key383
15:19:28.040 [main] DEBUG com.example.cache.Cache - Added new cache entry for key: key384
15:19:28.040 [main] DEBUG com.example.cache.Cache - Added new cache entry for key: key385
15:19:28.040 [main] DEBUG com.example.cache.Cache - Added new cache entry for key: key386
15:19:28.040 [main] DEBUG com.example.cache.Cache - Added new cache entry for key: key387
15:19:28.040 [main] DEBUG com.example.cache.Cache - Added new cache entry for key: key388
15:19:28.040 [main] DEBUG com.example.cache.Cache - Added new cache entry for key: key389
15:19:28.040 [main] DEBUG com.example.cache.Cache - Added new cache entry for key: key390
15:19:28.040 [main] DEBUG com.example.cache.Cache - Added new cache entry for key: key391
15:19:28.040 [main] DEBUG com.example.cache.Cache - Added new cache entry for key: key392
15:19:28.040 [main] DEBUG com.example.cache.Cache - Added new cache entry for key: key393
15:19:28.040 [main] DEBUG com.example.cache.Cache - Added new cache entry for key: key394
15:19:28.041 [main] DEBUG com.example.cache.Cache - Added new cache entry for key: key395
15:19:28.041 [main] DEBUG com.example.cache.Cache - Added new cache entry for key: key396
15:19:28.041 [main] DEBUG com.example.cache.Cache - Added new cache entry for key: key397
15:19:28.041 [main] DEBUG com.example.cache.Cache - Added new cache entry for key: key398
15:19:28.041 [main] DEBUG com.example.cache.Cache - Added new cache entry for key: key399
15:19:28.041 [main] DEBUG com.example.cache.Cache - Added new cache entry for key: key400
15:19:28.041 [main] DEBUG com.example.cache.Cache - Added new cache entry for key: key401
15:19:28.041 [main] DEBUG com.example.cache.Cache - Added new cache entry for key: key402
15:19:28.041 [main] DEBUG com.example.cache.Cache - Added new cache entry for key: key403
15:19:28.041 [main] DEBUG com.example.cache.Cache - Added new cache entry for key: key404
15:19:28.041 [main] DEBUG com.example.cache.Cache - Added new cache entry for key: key405
15:19:28.041 [main] DEBUG com.example.cache.Cache - Added new cache entry for key: key406
15:19:28.042 [main] DEBUG com.example.cache.Cache - Added new cache entry for key: key407
15:19:28.042 [main] DEBUG com.example.cache.Cache - Added new cache entry for key: key408
15:19:28.042 [main] DEBUG com.example.cache.Cache - Added new cache entry for key: key409
15:19:28.042 [main] DEBUG com.example.cache.Cache - Added new cache entry for key: key410
15:19:28.042 [main] DEBUG com.example.cache.Cache - Added new cache entry for key: key411
15:19:28.042 [main] DEBUG com.example.cache.Cache - Added new cache entry for key: key412
15:19:28.042 [main] DEBUG com.example.cache.Cache - Added new cache entry for key: key413
15:19:28.042 [main] DEBUG com.example.cache.Cache - Added new cache entry for key: key414
15:19:28.042 [main] DEBUG com.example.cache.Cache - Added new cache entry for key: key415
15:19:28.042 [main] DEBUG com.example.cache.Cache - Added new cache entry for key: key416
15:19:28.042 [main] DEBUG com.example.cache.Cache - Added new cache entry for key: key417
15:19:28.042 [main] DEBUG com.example.cache.Cache - Added new cache entry for key: key418
15:19:28.043 [main] DEBUG com.example.cache.Cache - Added new cache entry for key: key419
15:19:28.043 [main] DEBUG com.example.cache.Cache - Added new cache entry for key: key420
15:19:28.043 [main] DEBUG com.example.cache.Cache - Added new cache entry for key: key421
15:19:28.043 [main] DEBUG com.example.cache.Cache - Added new cache entry for key: key422
15:19:28.043 [main] DEBUG com.example.cache.Cache - Added new cache entry for key: key423
15:19:28.043 [main] DEBUG com.example.cache.Cache - Added new cache entry for key: key424
15:19:28.043 [main] DEBUG com.example.cache.Cache - Added new cache entry for key: key425
15:19:28.044 [main] DEBUG com.example.cache.Cache - Added new cache entry for key: key426
15:19:28.044 [main] DEBUG com.example.cache.Cache - Added new cache entry for key: key427
15:19:28.044 [main] DEBUG com.example.cache.Cache - Added new cache entry for key: key428
15:19:28.044 [main] DEBUG com.example.cache.Cache - Added new cache entry for key: key429
15:19:28.044 [main] DEBUG com.example.cache.Cache - Added new cache entry for key: key430
15:19:28.044 [main] DEBUG com.example.cache.Cache - Added new cache entry for key: key431
15:19:28.044 [main] DEBUG com.example.cache.Cache - Added new cache entry for key: key432
15:19:28.044 [main] DEBUG com.example.cache.Cache - Added new cache entry for key: key433
15:19:28.044 [main] DEBUG com.example.cache.Cache - Added new cache entry for key: key434
15:19:28.044 [main] DEBUG com.example.cache.Cache - Added new cache entry for key: key435
15:19:28.044 [main] DEBUG com.example.cache.Cache - Added new cache entry for key: key436
15:19:28.045 [main] DEBUG com.example.cache.Cache - Added new cache entry for key: key437
15:19:28.045 [main] DEBUG com.example.cache.Cache - Added new cache entry for key: key438
15:19:28.045 [main] DEBUG com.example.cache.Cache - Added new cache entry for key: key439
15:19:28.045 [main] DEBUG com.example.cache.Cache - Added new cache entry for key: key440
15:19:28.045 [main] DEBUG com.example.cache.Cache - Added new cache entry for key: key441
15:19:28.045 [main] DEBUG com.example.cache.Cache - Added new cache entry for key: key442
15:19:28.045 [main] DEBUG com.example.cache.Cache - Added new cache entry for key: key443
15:19:28.045 [main] DEBUG com.example.cache.Cache - Added new cache entry for key: key444
15:19:28.045 [main] DEBUG com.example.cache.Cache - Added new cache entry for key: key445
15:19:28.045 [main] DEBUG com.example.cache.Cache - Added new cache entry for key: key446
15:19:28.045 [main] DEBUG com.example.cache.Cache - Added new cache entry for key: key447
15:19:28.045 [main] DEBUG com.example.cache.Cache - Added new cache entry for key: key448
15:19:28.046 [main] DEBUG com.example.cache.Cache - Added new cache entry for key: key449
15:19:28.046 [main] DEBUG com.example.cache.Cache - Added new cache entry for key: key450
15:19:28.047 [main] DEBUG com.example.cache.Cache - Added new cache entry for key: key451
15:19:28.047 [main] DEBUG com.example.cache.Cache - Added new cache entry for key: key452
15:19:28.047 [main] DEBUG com.example.cache.Cache - Added new cache entry for key: key453
15:19:28.047 [main] DEBUG com.example.cache.Cache - Added new cache entry for key: key454
15:19:28.047 [main] DEBUG com.example.cache.Cache - Added new cache entry for key: key455
15:19:28.047 [main] DEBUG com.example.cache.Cache - Added new cache entry for key: key456
15:19:28.047 [main] DEBUG com.example.cache.Cache - Added new cache entry for key: key457
15:19:28.047 [main] DEBUG com.example.cache.Cache - Added new cache entry for key: key458
15:19:28.048 [main] DEBUG com.example.cache.Cache - Added new cache entry for key: key459
15:19:28.048 [main] DEBUG com.example.cache.Cache - Added new cache entry for key: key460
15:19:28.048 [main] DEBUG com.example.cache.Cache - Added new cache entry for key: key461
15:19:28.048 [main] DEBUG com.example.cache.Cache - Added new cache entry for key: key462
15:19:28.048 [main] DEBUG com.example.cache.Cache - Added new cache entry for key: key463
15:19:28.048 [main] DEBUG com.example.cache.Cache - Added new cache entry for key: key464
15:19:28.048 [main] DEBUG com.example.cache.Cache - Added new cache entry for key: key465
15:19:28.049 [main] DEBUG com.example.cache.Cache - Added new cache entry for key: key466
15:19:28.049 [main] DEBUG com.example.cache.Cache - Added new cache entry for key: key467
15:19:28.049 [main] DEBUG com.example.cache.Cache - Added new cache entry for key: key468
15:19:28.049 [main] DEBUG com.example.cache.Cache - Added new cache entry for key: key469
15:19:28.049 [main] DEBUG com.example.cache.Cache - Added new cache entry for key: key470
15:19:28.049 [main] DEBUG com.example.cache.Cache - Added new cache entry for key: key471
15:19:28.049 [main] DEBUG com.example.cache.Cache - Added new cache entry for key: key472
15:19:28.049 [main] DEBUG com.example.cache.Cache - Added new cache entry for key: key473
15:19:28.050 [main] DEBUG com.example.cache.Cache - Added new cache entry for key: key474
15:19:28.050 [main] DEBUG com.example.cache.Cache - Added new cache entry for key: key475
15:19:28.050 [main] DEBUG com.example.cache.Cache - Added new cache entry for key: key476
15:19:28.050 [main] DEBUG com.example.cache.Cache - Added new cache entry for key: key477
15:19:28.050 [main] DEBUG com.example.cache.Cache - Added new cache entry for key: key478
15:19:28.050 [main] DEBUG com.example.cache.Cache - Added new cache entry for key: key479
15:19:28.050 [main] DEBUG com.example.cache.Cache - Added new cache entry for key: key480
15:19:28.050 [main] DEBUG com.example.cache.Cache - Added new cache entry for key: key481
15:19:28.051 [main] DEBUG com.example.cache.Cache - Added new cache entry for key: key482
15:19:28.051 [main] DEBUG com.example.cache.Cache - Added new cache entry for key: key483
15:19:28.051 [main] DEBUG com.example.cache.Cache - Added new cache entry for key: key484
15:19:28.051 [main] DEBUG com.example.cache.Cache - Added new cache entry for key: key485
15:19:28.051 [main] DEBUG com.example.cache.Cache - Added new cache entry for key: key486
15:19:28.051 [main] DEBUG com.example.cache.Cache - Added new cache entry for key: key487
15:19:28.051 [main] DEBUG com.example.cache.Cache - Added new cache entry for key: key488
15:19:28.051 [main] DEBUG com.example.cache.Cache - Added new cache entry for key: key489
15:19:28.052 [main] DEBUG com.example.cache.Cache - Added new cache entry for key: key490
15:19:28.052 [main] DEBUG com.example.cache.Cache - Added new cache entry for key: key491
15:19:28.052 [main] DEBUG com.example.cache.Cache - Added new cache entry for key: key492
15:19:28.052 [main] DEBUG com.example.cache.Cache - Added new cache entry for key: key493
15:19:28.053 [main] DEBUG com.example.cache.Cache - Added new cache entry for key: key494
15:19:28.053 [main] DEBUG com.example.cache.Cache - Added new cache entry for key: key495
15:19:28.053 [main] DEBUG com.example.cache.Cache - Added new cache entry for key: key496
15:19:28.053 [main] DEBUG com.example.cache.Cache - Added new cache entry for key: key497
15:19:28.053 [main] DEBUG com.example.cache.Cache - Added new cache entry for key: key498
15:19:28.053 [main] DEBUG com.example.cache.Cache - Added new cache entry for key: key499
15:19:28.053 [main] DEBUG com.example.cache.Cache - Added new cache entry for key: key500
15:19:28.054 [main] DEBUG com.example.cache.Cache - Added new cache entry for key: key501
15:19:28.054 [main] DEBUG com.example.cache.Cache - Added new cache entry for key: key502
15:19:28.054 [main] DEBUG com.example.cache.Cache - Added new cache entry for key: key503
15:19:28.054 [main] DEBUG com.example.cache.Cache - Added new cache entry for key: key504
15:19:28.054 [main] DEBUG com.example.cache.Cache - Added new cache entry for key: key505
15:19:28.054 [main] DEBUG com.example.cache.Cache - Added new cache entry for key: key506
15:19:28.055 [main] DEBUG com.example.cache.Cache - Added new cache entry for key: key507
15:19:28.055 [main] DEBUG com.example.cache.Cache - Added new cache entry for key: key508
15:19:28.055 [main] DEBUG com.example.cache.Cache - Added new cache entry for key: key509
15:19:28.055 [main] DEBUG com.example.cache.Cache - Added new cache entry for key: key510
15:19:28.055 [main] DEBUG com.example.cache.Cache - Added new cache entry for key: key511
15:19:28.055 [main] DEBUG com.example.cache.Cache - Added new cache entry for key: key512
15:19:28.055 [main] DEBUG com.example.cache.Cache - Added new cache entry for key: key513
15:19:28.055 [main] DEBUG com.example.cache.Cache - Added new cache entry for key: key514
15:19:28.055 [main] DEBUG com.example.cache.Cache - Added new cache entry for key: key515
15:19:28.056 [main] DEBUG com.example.cache.Cache - Added new cache entry for key: key516
15:19:28.056 [main] DEBUG com.example.cache.Cache - Added new cache entry for key: key517
15:19:28.056 [main] DEBUG com.example.cache.Cache - Added new cache entry for key: key518
15:19:28.056 [main] DEBUG com.example.cache.Cache - Added new cache entry for key: key519
15:19:28.056 [main] DEBUG com.example.cache.Cache - Added new cache entry for key: key520
15:19:28.056 [main] DEBUG com.example.cache.Cache - Added new cache entry for key: key521
15:19:28.056 [main] DEBUG com.example.cache.Cache - Added new cache entry for key: key522
15:19:28.056 [main] DEBUG com.example.cache.Cache - Added new cache entry for key: key523
15:19:28.057 [main] DEBUG com.example.cache.Cache - Added new cache entry for key: key524
15:19:28.057 [main] DEBUG com.example.cache.Cache - Added new cache entry for key: key525
15:19:28.057 [main] DEBUG com.example.cache.Cache - Added new cache entry for key: key526
15:19:28.057 [main] DEBUG com.example.cache.Cache - Added new cache entry for key: key527
15:19:28.057 [main] DEBUG com.example.cache.Cache - Added new cache entry for key: key528
15:19:28.057 [main] DEBUG com.example.cache.Cache - Added new cache entry for key: key529
15:19:28.057 [main] DEBUG com.example.cache.Cache - Added new cache entry for key: key530
15:19:28.058 [main] DEBUG com.example.cache.Cache - Added new cache entry for key: key531
15:19:28.058 [main] DEBUG com.example.cache.Cache - Added new cache entry for key: key532
15:19:28.058 [main] DEBUG com.example.cache.Cache - Added new cache entry for key: key533
15:19:28.058 [main] DEBUG com.example.cache.Cache - Added new cache entry for key: key534
15:19:28.058 [main] DEBUG com.example.cache.Cache - Added new cache entry for key: key535
15:19:28.058 [main] DEBUG com.example.cache.Cache - Added new cache entry for key: key536
15:19:28.058 [main] DEBUG com.example.cache.Cache - Added new cache entry for key: key537
15:19:28.058 [main] DEBUG com.example.cache.Cache - Added new cache entry for key: key538
15:19:28.058 [main] DEBUG com.example.cache.Cache - Added new cache entry for key: key539
15:19:28.058 [main] DEBUG com.example.cache.Cache - Added new cache entry for key: key540
15:19:28.059 [main] DEBUG com.example.cache.Cache - Added new cache entry for key: key541
15:19:28.059 [main] DEBUG com.example.cache.Cache - Added new cache entry for key: key542
15:19:28.059 [main] DEBUG com.example.cache.Cache - Added new cache entry for key: key543
15:19:28.059 [main] DEBUG com.example.cache.Cache - Added new cache entry for key: key544
15:19:28.059 [main] DEBUG com.example.cache.Cache - Added new cache entry for key: key545
15:19:28.059 [main] DEBUG com.example.cache.Cache - Added new cache entry for key: key546
15:19:28.059 [main] DEBUG com.example.cache.Cache - Added new cache entry for key: key547
15:19:28.059 [main] DEBUG com.example.cache.Cache - Added new cache entry for key: key548
15:19:28.059 [main] DEBUG com.example.cache.Cache - Added new cache entry for key: key549
15:19:28.059 [main] DEBUG com.example.cache.Cache - Added new cache entry for key: key550
15:19:28.059 [main] DEBUG com.example.cache.Cache - Added new cache entry for key: key551
15:19:28.060 [main] DEBUG com.example.cache.Cache - Added new cache entry for key: key552
15:19:28.060 [main] DEBUG com.example.cache.Cache - Added new cache entry for key: key553
15:19:28.060 [main] DEBUG com.example.cache.Cache - Added new cache entry for key: key554
15:19:28.060 [main] DEBUG com.example.cache.Cache - Added new cache entry for key: key555
15:19:28.060 [main] DEBUG com.example.cache.Cache - Added new cache entry for key: key556
15:19:28.060 [main] DEBUG com.example.cache.Cache - Added new cache entry for key: key557
15:19:28.060 [main] DEBUG com.example.cache.Cache - Added new cache entry for key: key558
15:19:28.060 [main] DEBUG com.example.cache.Cache - Added new cache entry for key: key559
15:19:28.060 [main] DEBUG com.example.cache.Cache - Added new cache entry for key: key560
15:19:28.060 [main] DEBUG com.example.cache.Cache - Added new cache entry for key: key561
15:19:28.060 [main] DEBUG com.example.cache.Cache - Added new cache entry for key: key562
15:19:28.060 [main] DEBUG com.example.cache.Cache - Added new cache entry for key: key563
15:19:28.060 [main] DEBUG com.example.cache.Cache - Added new cache entry for key: key564
15:19:28.061 [main] DEBUG com.example.cache.Cache - Added new cache entry for key: key565
15:19:28.061 [main] DEBUG com.example.cache.Cache - Added new cache entry for key: key566
15:19:28.061 [main] DEBUG com.example.cache.Cache - Added new cache entry for key: key567
15:19:28.061 [main] DEBUG com.example.cache.Cache - Added new cache entry for key: key568
15:19:28.061 [main] DEBUG com.example.cache.Cache - Added new cache entry for key: key569
15:19:28.061 [main] DEBUG com.example.cache.Cache - Added new cache entry for key: key570
15:19:28.061 [main] DEBUG com.example.cache.Cache - Added new cache entry for key: key571
15:19:28.061 [main] DEBUG com.example.cache.Cache - Added new cache entry for key: key572
15:19:28.061 [main] DEBUG com.example.cache.Cache - Added new cache entry for key: key573
15:19:28.061 [main] DEBUG com.example.cache.Cache - Added new cache entry for key: key574
15:19:28.061 [main] DEBUG com.example.cache.Cache - Added new cache entry for key: key575
15:19:28.061 [main] DEBUG com.example.cache.Cache - Added new cache entry for key: key576
15:19:28.061 [main] DEBUG com.example.cache.Cache - Added new cache entry for key: key577
15:19:28.061 [main] DEBUG com.example.cache.Cache - Added new cache entry for key: key578
15:19:28.062 [main] DEBUG com.example.cache.Cache - Added new cache entry for key: key579
15:19:28.062 [main] DEBUG com.example.cache.Cache - Added new cache entry for key: key580
15:19:28.062 [main] DEBUG com.example.cache.Cache - Added new cache entry for key: key581
15:19:28.062 [main] DEBUG com.example.cache.Cache - Added new cache entry for key: key582
15:19:28.062 [main] DEBUG com.example.cache.Cache - Added new cache entry for key: key583
15:19:28.062 [main] DEBUG com.example.cache.Cache - Added new cache entry for key: key584
15:19:28.062 [main] DEBUG com.example.cache.Cache - Added new cache entry for key: key585
15:19:28.062 [main] DEBUG com.example.cache.Cache - Added new cache entry for key: key586
15:19:28.062 [main] DEBUG com.example.cache.Cache - Added new cache entry for key: key587
15:19:28.062 [main] DEBUG com.example.cache.Cache - Added new cache entry for key: key588
15:19:28.062 [main] DEBUG com.example.cache.Cache - Added new cache entry for key: key589
15:19:28.062 [main] DEBUG com.example.cache.Cache - Added new cache entry for key: key590
15:19:28.062 [main] DEBUG com.example.cache.Cache - Added new cache entry for key: key591
15:19:28.062 [main] DEBUG com.example.cache.Cache - Added new cache entry for key: key592
15:19:28.063 [main] DEBUG com.example.cache.Cache - Added new cache entry for key: key593
15:19:28.063 [main] DEBUG com.example.cache.Cache - Added new cache entry for key: key594
15:19:28.063 [main] DEBUG com.example.cache.Cache - Added new cache entry for key: key595
15:19:28.063 [main] DEBUG com.example.cache.Cache - Added new cache entry for key: key596
15:19:28.063 [main] DEBUG com.example.cache.Cache - Added new cache entry for key: key597
15:19:28.063 [main] DEBUG com.example.cache.Cache - Added new cache entry for key: key598
15:19:28.063 [main] DEBUG com.example.cache.Cache - Added new cache entry for key: key599
15:19:28.063 [main] DEBUG com.example.cache.Cache - Added new cache entry for key: key600
15:19:28.064 [main] DEBUG com.example.cache.Cache - Added new cache entry for key: key601
15:19:28.064 [main] DEBUG com.example.cache.Cache - Added new cache entry for key: key602
15:19:28.064 [main] DEBUG com.example.cache.Cache - Added new cache entry for key: key603
15:19:28.064 [main] DEBUG com.example.cache.Cache - Added new cache entry for key: key604
15:19:28.064 [main] DEBUG com.example.cache.Cache - Added new cache entry for key: key605
15:19:28.064 [main] DEBUG com.example.cache.Cache - Added new cache entry for key: key606
15:19:28.064 [main] DEBUG com.example.cache.Cache - Added new cache entry for key: key607
15:19:28.064 [main] DEBUG com.example.cache.Cache - Added new cache entry for key: key608
15:19:28.064 [main] DEBUG com.example.cache.Cache - Added new cache entry for key: key609
15:19:28.064 [main] DEBUG com.example.cache.Cache - Added new cache entry for key: key610
15:19:28.065 [main] DEBUG com.example.cache.Cache - Added new cache entry for key: key611
15:19:28.065 [main] DEBUG com.example.cache.Cache - Added new cache entry for key: key612
15:19:28.065 [main] DEBUG com.example.cache.Cache - Added new cache entry for key: key613
15:19:28.065 [main] DEBUG com.example.cache.Cache - Added new cache entry for key: key614
15:19:28.065 [main] DEBUG com.example.cache.Cache - Added new cache entry for key: key615
15:19:28.065 [main] DEBUG com.example.cache.Cache - Added new cache entry for key: key616
15:19:28.065 [main] DEBUG com.example.cache.Cache - Added new cache entry for key: key617
15:19:28.065 [main] DEBUG com.example.cache.Cache - Added new cache entry for key: key618
15:19:28.065 [main] DEBUG com.example.cache.Cache - Added new cache entry for key: key619
15:19:28.065 [main] DEBUG com.example.cache.Cache - Added new cache entry for key: key620
15:19:28.065 [main] DEBUG com.example.cache.Cache - Added new cache entry for key: key621
15:19:28.066 [main] DEBUG com.example.cache.Cache - Added new cache entry for key: key622
15:19:28.066 [main] DEBUG com.example.cache.Cache - Added new cache entry for key: key623
15:19:28.066 [main] DEBUG com.example.cache.Cache - Added new cache entry for key: key624
15:19:28.066 [main] DEBUG com.example.cache.Cache - Added new cache entry for key: key625
15:19:28.066 [main] DEBUG com.example.cache.Cache - Added new cache entry for key: key626
15:19:28.066 [main] DEBUG com.example.cache.Cache - Added new cache entry for key: key627
15:19:28.066 [main] DEBUG com.example.cache.Cache - Added new cache entry for key: key628
15:19:28.066 [main] DEBUG com.example.cache.Cache - Added new cache entry for key: key629
15:19:28.066 [main] DEBUG com.example.cache.Cache - Added new cache entry for key: key630
15:19:28.066 [main] DEBUG com.example.cache.Cache - Added new cache entry for key: key631
15:19:28.066 [main] DEBUG com.example.cache.Cache - Added new cache entry for key: key632
15:19:28.066 [main] DEBUG com.example.cache.Cache - Added new cache entry for key: key633
15:19:28.067 [main] DEBUG com.example.cache.Cache - Added new cache entry for key: key634
15:19:28.067 [main] DEBUG com.example.cache.Cache - Added new cache entry for key: key635
15:19:28.067 [main] DEBUG com.example.cache.Cache - Added new cache entry for key: key636
15:19:28.067 [main] DEBUG com.example.cache.Cache - Added new cache entry for key: key637
15:19:28.067 [main] DEBUG com.example.cache.Cache - Added new cache entry for key: key638
15:19:28.067 [main] DEBUG com.example.cache.Cache - Added new cache entry for key: key639
15:19:28.067 [main] DEBUG com.example.cache.Cache - Added new cache entry for key: key640
15:19:28.067 [main] DEBUG com.example.cache.Cache - Added new cache entry for key: key641
15:19:28.067 [main] DEBUG com.example.cache.Cache - Added new cache entry for key: key642
15:19:28.067 [main] DEBUG com.example.cache.Cache - Added new cache entry for key: key643
15:19:28.067 [main] DEBUG com.example.cache.Cache - Added new cache entry for key: key644
15:19:28.067 [main] DEBUG com.example.cache.Cache - Added new cache entry for key: key645
15:19:28.068 [main] DEBUG com.example.cache.Cache - Added new cache entry for key: key646
15:19:28.068 [main] DEBUG com.example.cache.Cache - Added new cache entry for key: key647
15:19:28.068 [main] DEBUG com.example.cache.Cache - Added new cache entry for key: key648
15:19:28.068 [main] DEBUG com.example.cache.Cache - Added new cache entry for key: key649
15:19:28.068 [main] DEBUG com.example.cache.Cache - Added new cache entry for key: key650
15:19:28.068 [main] DEBUG com.example.cache.Cache - Added new cache entry for key: key651
15:19:28.068 [main] DEBUG com.example.cache.Cache - Added new cache entry for key: key652
15:19:28.068 [main] DEBUG com.example.cache.Cache - Added new cache entry for key: key653
15:19:28.068 [main] DEBUG com.example.cache.Cache - Added new cache entry for key: key654
15:19:28.068 [main] DEBUG com.example.cache.Cache - Added new cache entry for key: key655
15:19:28.069 [main] DEBUG com.example.cache.Cache - Added new cache entry for key: key656
15:19:28.069 [main] DEBUG com.example.cache.Cache - Added new cache entry for key: key657
15:19:28.069 [main] DEBUG com.example.cache.Cache - Added new cache entry for key: key658
15:19:28.069 [main] DEBUG com.example.cache.Cache - Added new cache entry for key: key659
15:19:28.069 [main] DEBUG com.example.cache.Cache - Added new cache entry for key: key660
15:19:28.069 [main] DEBUG com.example.cache.Cache - Added new cache entry for key: key661
15:19:28.069 [main] DEBUG com.example.cache.Cache - Added new cache entry for key: key662
15:19:28.069 [main] DEBUG com.example.cache.Cache - Added new cache entry for key: key663
15:19:28.069 [main] DEBUG com.example.cache.Cache - Added new cache entry for key: key664
15:19:28.069 [main] DEBUG com.example.cache.Cache - Added new cache entry for key: key665
15:19:28.069 [main] DEBUG com.example.cache.Cache - Added new cache entry for key: key666
15:19:28.069 [main] DEBUG com.example.cache.Cache - Added new cache entry for key: key667
15:19:28.069 [main] DEBUG com.example.cache.Cache - Added new cache entry for key: key668
15:19:28.069 [main] DEBUG com.example.cache.Cache - Added new cache entry for key: key669
15:19:28.070 [main] DEBUG com.example.cache.Cache - Added new cache entry for key: key670
15:19:28.070 [main] DEBUG com.example.cache.Cache - Added new cache entry for key: key671
15:19:28.070 [main] DEBUG com.example.cache.Cache - Added new cache entry for key: key672
15:19:28.070 [main] DEBUG com.example.cache.Cache - Added new cache entry for key: key673
15:19:28.070 [main] DEBUG com.example.cache.Cache - Added new cache entry for key: key674
15:19:28.070 [main] DEBUG com.example.cache.Cache - Added new cache entry for key: key675
15:19:28.070 [main] DEBUG com.example.cache.Cache - Added new cache entry for key: key676
15:19:28.070 [main] DEBUG com.example.cache.Cache - Added new cache entry for key: key677
15:19:28.070 [main] DEBUG com.example.cache.Cache - Added new cache entry for key: key678
15:19:28.070 [main] DEBUG com.example.cache.Cache - Added new cache entry for key: key679
15:19:28.071 [main] DEBUG com.example.cache.Cache - Added new cache entry for key: key680
15:19:28.071 [main] DEBUG com.example.cache.Cache - Added new cache entry for key: key681
15:19:28.071 [main] DEBUG com.example.cache.Cache - Added new cache entry for key: key682
15:19:28.071 [main] DEBUG com.example.cache.Cache - Added new cache entry for key: key683
15:19:28.071 [main] DEBUG com.example.cache.Cache - Added new cache entry for key: key684
15:19:28.071 [main] DEBUG com.example.cache.Cache - Added new cache entry for key: key685
15:19:28.071 [main] DEBUG com.example.cache.Cache - Added new cache entry for key: key686
15:19:28.071 [main] DEBUG com.example.cache.Cache - Added new cache entry for key: key687
15:19:28.071 [main] DEBUG com.example.cache.Cache - Added new cache entry for key: key688
15:19:28.071 [main] DEBUG com.example.cache.Cache - Added new cache entry for key: key689
15:19:28.071 [main] DEBUG com.example.cache.Cache - Added new cache entry for key: key690
15:19:28.071 [main] DEBUG com.example.cache.Cache - Added new cache entry for key: key691
15:19:28.071 [main] DEBUG com.example.cache.Cache - Added new cache entry for key: key692
15:19:28.071 [main] DEBUG com.example.cache.Cache - Added new cache entry for key: key693
15:19:28.071 [main] DEBUG com.example.cache.Cache - Added new cache entry for key: key694
15:19:28.072 [main] DEBUG com.example.cache.Cache - Added new cache entry for key: key695
15:19:28.072 [main] DEBUG com.example.cache.Cache - Added new cache entry for key: key696
15:19:28.072 [main] DEBUG com.example.cache.Cache - Added new cache entry for key: key697
15:19:28.072 [main] DEBUG com.example.cache.Cache - Added new cache entry for key: key698
15:19:28.072 [main] DEBUG com.example.cache.Cache - Added new cache entry for key: key699
15:19:28.072 [main] DEBUG com.example.cache.Cache - Added new cache entry for key: key700
15:19:28.072 [main] DEBUG com.example.cache.Cache - Added new cache entry for key: key701
15:19:28.072 [main] DEBUG com.example.cache.Cache - Added new cache entry for key: key702
15:19:28.072 [main] DEBUG com.example.cache.Cache - Added new cache entry for key: key703
15:19:28.072 [main] DEBUG com.example.cache.Cache - Added new cache entry for key: key704
15:19:28.072 [main] DEBUG com.example.cache.Cache - Added new cache entry for key: key705
15:19:28.072 [main] DEBUG com.example.cache.Cache - Added new cache entry for key: key706
15:19:28.072 [main] DEBUG com.example.cache.Cache - Added new cache entry for key: key707
15:19:28.072 [main] DEBUG com.example.cache.Cache - Added new cache entry for key: key708
15:19:28.072 [main] DEBUG com.example.cache.Cache - Added new cache entry for key: key709
15:19:28.072 [main] DEBUG com.example.cache.Cache - Added new cache entry for key: key710
15:19:28.072 [main] DEBUG com.example.cache.Cache - Added new cache entry for key: key711
15:19:28.072 [main] DEBUG com.example.cache.Cache - Added new cache entry for key: key712
15:19:28.072 [main] DEBUG com.example.cache.Cache - Added new cache entry for key: key713
15:19:28.072 [main] DEBUG com.example.cache.Cache - Added new cache entry for key: key714
15:19:28.073 [main] DEBUG com.example.cache.Cache - Added new cache entry for key: key715
15:19:28.073 [main] DEBUG com.example.cache.Cache - Added new cache entry for key: key716
15:19:28.073 [main] DEBUG com.example.cache.Cache - Added new cache entry for key: key717
15:19:28.073 [main] DEBUG com.example.cache.Cache - Added new cache entry for key: key718
15:19:28.073 [main] DEBUG com.example.cache.Cache - Added new cache entry for key: key719
15:19:28.073 [main] DEBUG com.example.cache.Cache - Added new cache entry for key: key720
15:19:28.073 [main] DEBUG com.example.cache.Cache - Added new cache entry for key: key721
15:19:28.073 [main] DEBUG com.example.cache.Cache - Added new cache entry for key: key722
15:19:28.073 [main] DEBUG com.example.cache.Cache - Added new cache entry for key: key723
15:19:28.073 [main] DEBUG com.example.cache.Cache - Added new cache entry for key: key724
15:19:28.073 [main] DEBUG com.example.cache.Cache - Added new cache entry for key: key725
15:19:28.073 [main] DEBUG com.example.cache.Cache - Added new cache entry for key: key726
15:19:28.073 [main] DEBUG com.example.cache.Cache - Added new cache entry for key: key727
15:19:28.073 [main] DEBUG com.example.cache.Cache - Added new cache entry for key: key728
15:19:28.073 [main] DEBUG com.example.cache.Cache - Added new cache entry for key: key729
15:19:28.073 [main] DEBUG com.example.cache.Cache - Added new cache entry for key: key730
15:19:28.073 [main] DEBUG com.example.cache.Cache - Added new cache entry for key: key731
15:19:28.073 [main] DEBUG com.example.cache.Cache - Added new cache entry for key: key732
15:19:28.073 [main] DEBUG com.example.cache.Cache - Added new cache entry for key: key733
15:19:28.073 [main] DEBUG com.example.cache.Cache - Added new cache entry for key: key734
15:19:28.073 [main] DEBUG com.example.cache.Cache - Added new cache entry for key: key735
15:19:28.073 [main] DEBUG com.example.cache.Cache - Added new cache entry for key: key736
15:19:28.073 [main] DEBUG com.example.cache.Cache - Added new cache entry for key: key737
15:19:28.073 [main] DEBUG com.example.cache.Cache - Added new cache entry for key: key738
15:19:28.074 [main] DEBUG com.example.cache.Cache - Added new cache entry for key: key739
15:19:28.074 [main] DEBUG com.example.cache.Cache - Added new cache entry for key: key740
15:19:28.074 [main] DEBUG com.example.cache.Cache - Added new cache entry for key: key741
15:19:28.074 [main] DEBUG com.example.cache.Cache - Added new cache entry for key: key742
15:19:28.074 [main] DEBUG com.example.cache.Cache - Added new cache entry for key: key743
15:19:28.074 [main] DEBUG com.example.cache.Cache - Added new cache entry for key: key744
15:19:28.074 [main] DEBUG com.example.cache.Cache - Added new cache entry for key: key745
15:19:28.074 [main] DEBUG com.example.cache.Cache - Added new cache entry for key: key746
15:19:28.074 [main] DEBUG com.example.cache.Cache - Added new cache entry for key: key747
15:19:28.074 [main] DEBUG com.example.cache.Cache - Added new cache entry for key: key748
15:19:28.074 [main] DEBUG com.example.cache.Cache - Added new cache entry for key: key749
15:19:28.074 [main] DEBUG com.example.cache.Cache - Added new cache entry for key: key750
15:19:28.074 [main] DEBUG com.example.cache.Cache - Added new cache entry for key: key751
15:19:28.074 [main] DEBUG com.example.cache.Cache - Added new cache entry for key: key752
15:19:28.074 [main] DEBUG com.example.cache.Cache - Added new cache entry for key: key753
15:19:28.074 [main] DEBUG com.example.cache.Cache - Added new cache entry for key: key754
15:19:28.074 [main] DEBUG com.example.cache.Cache - Added new cache entry for key: key755
15:19:28.074 [main] DEBUG com.example.cache.Cache - Added new cache entry for key: key756
15:19:28.074 [main] DEBUG com.example.cache.Cache - Added new cache entry for key: key757
15:19:28.074 [main] DEBUG com.example.cache.Cache - Added new cache entry for key: key758
15:19:28.074 [main] DEBUG com.example.cache.Cache - Added new cache entry for key: key759
15:19:28.075 [main] DEBUG com.example.cache.Cache - Added new cache entry for key: key760
15:19:28.075 [main] DEBUG com.example.cache.Cache - Added new cache entry for key: key761
15:19:28.075 [main] DEBUG com.example.cache.Cache - Added new cache entry for key: key762
15:19:28.075 [main] DEBUG com.example.cache.Cache - Added new cache entry for key: key763
15:19:28.075 [main] DEBUG com.example.cache.Cache - Added new cache entry for key: key764
15:19:28.075 [main] DEBUG com.example.cache.Cache - Added new cache entry for key: key765
15:19:28.075 [main] DEBUG com.example.cache.Cache - Added new cache entry for key: key766
15:19:28.075 [main] DEBUG com.example.cache.Cache - Added new cache entry for key: key767
15:19:28.075 [main] DEBUG com.example.cache.Cache - Added new cache entry for key: key768
15:19:28.075 [main] DEBUG com.example.cache.Cache - Added new cache entry for key: key769
15:19:28.075 [main] DEBUG com.example.cache.Cache - Added new cache entry for key: key770
15:19:28.075 [main] DEBUG com.example.cache.Cache - Added new cache entry for key: key771
15:19:28.075 [main] DEBUG com.example.cache.Cache - Added new cache entry for key: key772
15:19:28.075 [main] DEBUG com.example.cache.Cache - Added new cache entry for key: key773
15:19:28.075 [main] DEBUG com.example.cache.Cache - Added new cache entry for key: key774
15:19:28.075 [main] DEBUG com.example.cache.Cache - Added new cache entry for key: key775
15:19:28.075 [main] DEBUG com.example.cache.Cache - Added new cache entry for key: key776
15:19:28.075 [main] DEBUG com.example.cache.Cache - Added new cache entry for key: key777
15:19:28.075 [main] DEBUG com.example.cache.Cache - Added new cache entry for key: key778
15:19:28.075 [main] DEBUG com.example.cache.Cache - Added new cache entry for key: key779
15:19:28.076 [main] DEBUG com.example.cache.Cache - Added new cache entry for key: key780
15:19:28.076 [main] DEBUG com.example.cache.Cache - Added new cache entry for key: key781
15:19:28.076 [main] DEBUG com.example.cache.Cache - Added new cache entry for key: key782
15:19:28.076 [main] DEBUG com.example.cache.Cache - Added new cache entry for key: key783
15:19:28.076 [main] DEBUG com.example.cache.Cache - Added new cache entry for key: key784
15:19:28.076 [main] DEBUG com.example.cache.Cache - Added new cache entry for key: key785
15:19:28.076 [main] DEBUG com.example.cache.Cache - Added new cache entry for key: key786
15:19:28.076 [main] DEBUG com.example.cache.Cache - Added new cache entry for key: key787
15:19:28.076 [main] DEBUG com.example.cache.Cache - Added new cache entry for key: key788
15:19:28.076 [main] DEBUG com.example.cache.Cache - Added new cache entry for key: key789
15:19:28.076 [main] DEBUG com.example.cache.Cache - Added new cache entry for key: key790
15:19:28.076 [main] DEBUG com.example.cache.Cache - Added new cache entry for key: key791
15:19:28.076 [main] DEBUG com.example.cache.Cache - Added new cache entry for key: key792
15:19:28.076 [main] DEBUG com.example.cache.Cache - Added new cache entry for key: key793
15:19:28.076 [main] DEBUG com.example.cache.Cache - Added new cache entry for key: key794
15:19:28.076 [main] DEBUG com.example.cache.Cache - Added new cache entry for key: key795
15:19:28.076 [main] DEBUG com.example.cache.Cache - Added new cache entry for key: key796
15:19:28.076 [main] DEBUG com.example.cache.Cache - Added new cache entry for key: key797
15:19:28.076 [main] DEBUG com.example.cache.Cache - Added new cache entry for key: key798
15:19:28.077 [main] DEBUG com.example.cache.Cache - Added new cache entry for key: key799
15:19:28.077 [main] DEBUG com.example.cache.Cache - Added new cache entry for key: key800
15:19:28.077 [main] DEBUG com.example.cache.Cache - Added new cache entry for key: key801
15:19:28.077 [main] DEBUG com.example.cache.Cache - Added new cache entry for key: key802
15:19:28.077 [main] DEBUG com.example.cache.Cache - Added new cache entry for key: key803
15:19:28.077 [main] DEBUG com.example.cache.Cache - Added new cache entry for key: key804
15:19:28.077 [main] DEBUG com.example.cache.Cache - Added new cache entry for key: key805
15:19:28.077 [main] DEBUG com.example.cache.Cache - Added new cache entry for key: key806
15:19:28.077 [main] DEBUG com.example.cache.Cache - Added new cache entry for key: key807
15:19:28.078 [main] DEBUG com.example.cache.Cache - Added new cache entry for key: key808
15:19:28.078 [main] DEBUG com.example.cache.Cache - Added new cache entry for key: key809
15:19:28.078 [main] DEBUG com.example.cache.Cache - Added new cache entry for key: key810
15:19:28.078 [main] DEBUG com.example.cache.Cache - Added new cache entry for key: key811
15:19:28.079 [main] DEBUG com.example.cache.Cache - Added new cache entry for key: key812
15:19:28.079 [main] DEBUG com.example.cache.Cache - Added new cache entry for key: key813
15:19:28.079 [main] DEBUG com.example.cache.Cache - Added new cache entry for key: key814
15:19:28.079 [main] DEBUG com.example.cache.Cache - Added new cache entry for key: key815
15:19:28.079 [main] DEBUG com.example.cache.Cache - Added new cache entry for key: key816
15:19:28.079 [main] DEBUG com.example.cache.Cache - Added new cache entry for key: key817
15:19:28.081 [main] DEBUG com.example.cache.Cache - Added new cache entry for key: key818
15:19:28.081 [main] DEBUG com.example.cache.Cache - Added new cache entry for key: key819
15:19:28.081 [main] DEBUG com.example.cache.Cache - Added new cache entry for key: key820
15:19:28.081 [main] DEBUG com.example.cache.Cache - Added new cache entry for key: key821
15:19:28.081 [main] DEBUG com.example.cache.Cache - Added new cache entry for key: key822
15:19:28.081 [main] DEBUG com.example.cache.Cache - Added new cache entry for key: key823
15:19:28.081 [main] DEBUG com.example.cache.Cache - Added new cache entry for key: key824
15:19:28.081 [main] DEBUG com.example.cache.Cache - Added new cache entry for key: key825
15:19:28.081 [main] DEBUG com.example.cache.Cache - Added new cache entry for key: key826
15:19:28.081 [main] DEBUG com.example.cache.Cache - Added new cache entry for key: key827
15:19:28.081 [main] DEBUG com.example.cache.Cache - Added new cache entry for key: key828
15:19:28.081 [main] DEBUG com.example.cache.Cache - Added new cache entry for key: key829
15:19:28.082 [main] DEBUG com.example.cache.Cache - Added new cache entry for key: key830
15:19:28.082 [main] DEBUG com.example.cache.Cache - Added new cache entry for key: key831
15:19:28.082 [main] DEBUG com.example.cache.Cache - Added new cache entry for key: key832
15:19:28.082 [main] DEBUG com.example.cache.Cache - Added new cache entry for key: key833
15:19:28.082 [main] DEBUG com.example.cache.Cache - Added new cache entry for key: key834
15:19:28.082 [main] DEBUG com.example.cache.Cache - Added new cache entry for key: key835
15:19:28.082 [main] DEBUG com.example.cache.Cache - Added new cache entry for key: key836
15:19:28.082 [main] DEBUG com.example.cache.Cache - Added new cache entry for key: key837
15:19:28.082 [main] DEBUG com.example.cache.Cache - Added new cache entry for key: key838
15:19:28.082 [main] DEBUG com.example.cache.Cache - Added new cache entry for key: key839
15:19:28.082 [main] DEBUG com.example.cache.Cache - Added new cache entry for key: key840
15:19:28.082 [main] DEBUG com.example.cache.Cache - Added new cache entry for key: key841
15:19:28.082 [main] DEBUG com.example.cache.Cache - Added new cache entry for key: key842
15:19:28.082 [main] DEBUG com.example.cache.Cache - Added new cache entry for key: key843
15:19:28.082 [main] DEBUG com.example.cache.Cache - Added new cache entry for key: key844
15:19:28.083 [main] DEBUG com.example.cache.Cache - Added new cache entry for key: key845
15:19:28.083 [main] DEBUG com.example.cache.Cache - Added new cache entry for key: key846
15:19:28.083 [main] DEBUG com.example.cache.Cache - Added new cache entry for key: key847
15:19:28.083 [main] DEBUG com.example.cache.Cache - Added new cache entry for key: key848
15:19:28.083 [main] DEBUG com.example.cache.Cache - Added new cache entry for key: key849
15:19:28.083 [main] DEBUG com.example.cache.Cache - Added new cache entry for key: key850
15:19:28.083 [main] DEBUG com.example.cache.Cache - Added new cache entry for key: key851
15:19:28.083 [main] DEBUG com.example.cache.Cache - Added new cache entry for key: key852
15:19:28.083 [main] DEBUG com.example.cache.Cache - Added new cache entry for key: key853
15:19:28.083 [main] DEBUG com.example.cache.Cache - Added new cache entry for key: key854
15:19:28.083 [main] DEBUG com.example.cache.Cache - Added new cache entry for key: key855
15:19:28.083 [main] DEBUG com.example.cache.Cache - Added new cache entry for key: key856
15:19:28.083 [main] DEBUG com.example.cache.Cache - Added new cache entry for key: key857
15:19:28.083 [main] DEBUG com.example.cache.Cache - Added new cache entry for key: key858
15:19:28.083 [main] DEBUG com.example.cache.Cache - Added new cache entry for key: key859
15:19:28.083 [main] DEBUG com.example.cache.Cache - Added new cache entry for key: key860
15:19:28.083 [main] DEBUG com.example.cache.Cache - Added new cache entry for key: key861
15:19:28.083 [main] DEBUG com.example.cache.Cache - Added new cache entry for key: key862
15:19:28.083 [main] DEBUG com.example.cache.Cache - Added new cache entry for key: key863
15:19:28.083 [main] DEBUG com.example.cache.Cache - Added new cache entry for key: key864
15:19:28.083 [main] DEBUG com.example.cache.Cache - Added new cache entry for key: key865
15:19:28.084 [main] DEBUG com.example.cache.Cache - Added new cache entry for key: key866
15:19:28.084 [main] DEBUG com.example.cache.Cache - Added new cache entry for key: key867
[...]
15:19:28.167 [main] DEBUG com.example.cache.Cache - Cache hit for key: key915
15:19:28.167 [main] DEBUG com.example.cache.Cache - ContainsKey check for key: key916 returned: true
15:19:28.167 [main] DEBUG com.example.cache.Cache - Cache hit for key: key916
15:19:28.167 [main] DEBUG com.example.cache.Cache - ContainsKey check for key: key917 returned: true
15:19:28.167 [main] DEBUG com.example.cache.Cache - Cache hit for key: key917
15:19:28.167 [main] DEBUG com.example.cache.Cache - ContainsKey check for key: key918 returned: true
15:19:28.167 [main] DEBUG com.example.cache.Cache - Cache hit for key: key918
15:19:28.167 [main] DEBUG com.example.cache.Cache - ContainsKey check for key: key919 returned: true
15:19:28.167 [main] DEBUG com.example.cache.Cache - Cache hit for key: key919
15:19:28.167 [main] DEBUG com.example.cache.Cache - ContainsKey check for key: key920 returned: true
15:19:28.167 [main] DEBUG com.example.cache.Cache - Cache hit for key: key920
15:19:28.167 [main] DEBUG com.example.cache.Cache - ContainsKey check for key: key921 returned: true
15:19:28.167 [main] DEBUG com.example.cache.Cache - Cache hit for key: key921
15:19:28.167 [main] DEBUG com.example.cache.Cache - ContainsKey check for key: key922 returned: true
15:19:28.167 [main] DEBUG com.example.cache.Cache - Cache hit for key: key922
15:19:28.167 [main] DEBUG com.example.cache.Cache - ContainsKey check for key: key923 returned: true
15:19:28.167 [main] DEBUG com.example.cache.Cache - Cache hit for key: key923
15:19:28.167 [main] DEBUG com.example.cache.Cache - ContainsKey check for key: key924 returned: true
15:19:28.167 [main] DEBUG com.example.cache.Cache - Cache hit for key: key924
15:19:28.167 [main] DEBUG com.example.cache.Cache - ContainsKey check for key: key925 returned: true
15:19:28.167 [main] DEBUG com.example.cache.Cache - Cache hit for key: key925
15:19:28.167 [main] DEBUG com.example.cache.Cache - ContainsKey check for key: key926 returned: true
15:19:28.167 [main] DEBUG com.example.cache.Cache - Cache hit for key: key926
15:19:28.167 [main] DEBUG com.example.cache.Cache - ContainsKey check for key: key927 returned: true
15:19:28.167 [main] DEBUG com.example.cache.Cache - Cache hit for key: key927
15:19:28.167 [main] DEBUG com.example.cache.Cache - ContainsKey check for key: key928 returned: true
15:19:28.167 [main] DEBUG com.example.cache.Cache - Cache hit for key: key928
15:19:28.167 [main] DEBUG com.example.cache.Cache - ContainsKey check for key: key929 returned: true
15:19:28.167 [main] DEBUG com.example.cache.Cache - Cache hit for key: key929
15:19:28.167 [main] DEBUG com.example.cache.Cache - ContainsKey check for key: key930 returned: true
15:19:28.168 [main] DEBUG com.example.cache.Cache - Cache hit for key: key930
15:19:28.168 [main] DEBUG com.example.cache.Cache - ContainsKey check for key: key931 returned: true
15:19:28.168 [main] DEBUG com.example.cache.Cache - Cache hit for key: key931
15:19:28.168 [main] DEBUG com.example.cache.Cache - ContainsKey check for key: key932 returned: true
15:19:28.168 [main] DEBUG com.example.cache.Cache - Cache hit for key: key932
15:19:28.168 [main] DEBUG com.example.cache.Cache - ContainsKey check for key: key933 returned: true
15:19:28.168 [main] DEBUG com.example.cache.Cache - Cache hit for key: key933
15:19:28.168 [main] DEBUG com.example.cache.Cache - ContainsKey check for key: key934 returned: true
15:19:28.168 [main] DEBUG com.example.cache.Cache - Cache hit for key: key934
15:19:28.168 [main] DEBUG com.example.cache.Cache - ContainsKey check for key: key935 returned: true
15:19:28.168 [main] DEBUG com.example.cache.Cache - Cache hit for key: key935
15:19:28.168 [main] DEBUG com.example.cache.Cache - ContainsKey check for key: key936 returned: true
15:19:28.168 [main] DEBUG com.example.cache.Cache - Cache hit for key: key936
15:19:28.168 [main] DEBUG com.example.cache.Cache - ContainsKey check for key: key937 returned: true
15:19:28.168 [main] DEBUG com.example.cache.Cache - Cache hit for key: key937
15:19:28.168 [main] DEBUG com.example.cache.Cache - ContainsKey check for key: key938 returned: true
15:19:28.168 [main] DEBUG com.example.cache.Cache - Cache hit for key: key938
15:19:28.168 [main] DEBUG com.example.cache.Cache - ContainsKey check for key: key939 returned: true
15:19:28.168 [main] DEBUG com.example.cache.Cache - Cache hit for key: key939
15:19:28.168 [main] DEBUG com.example.cache.Cache - ContainsKey check for key: key940 returned: true
15:19:28.168 [main] DEBUG com.example.cache.Cache - Cache hit for key: key940
15:19:28.168 [main] DEBUG com.example.cache.Cache - ContainsKey check for key: key941 returned: true
15:19:28.168 [main] DEBUG com.example.cache.Cache - Cache hit for key: key941
15:19:28.168 [main] DEBUG com.example.cache.Cache - ContainsKey check for key: key942 returned: true
15:19:28.168 [main] DEBUG com.example.cache.Cache - Cache hit for key: key942
15:19:28.168 [main] DEBUG com.example.cache.Cache - ContainsKey check for key: key943 returned: true
15:19:28.168 [main] DEBUG com.example.cache.Cache - Cache hit for key: key943
15:19:28.169 [main] DEBUG com.example.cache.Cache - ContainsKey check for key: key944 returned: true
15:19:28.169 [main] DEBUG com.example.cache.Cache - Cache hit for key: key944
15:19:28.169 [main] DEBUG com.example.cache.Cache - ContainsKey check for key: key945 returned: true
15:19:28.169 [main] DEBUG com.example.cache.Cache - Cache hit for key: key945
15:19:28.169 [main] DEBUG com.example.cache.Cache - ContainsKey check for key: key946 returned: true
15:19:28.169 [main] DEBUG com.example.cache.Cache - Cache hit for key: key946
15:19:28.169 [main] DEBUG com.example.cache.Cache - ContainsKey check for key: key947 returned: true
15:19:28.169 [main] DEBUG com.example.cache.Cache - Cache hit for key: key947
15:19:28.169 [main] DEBUG com.example.cache.Cache - ContainsKey check for key: key948 returned: true
15:19:28.169 [main] DEBUG com.example.cache.Cache - Cache hit for key: key948
15:19:28.169 [main] DEBUG com.example.cache.Cache - ContainsKey check for key: key949 returned: true
15:19:28.169 [main] DEBUG com.example.cache.Cache - Cache hit for key: key949
15:19:28.169 [main] DEBUG com.example.cache.Cache - ContainsKey check for key: key950 returned: true
15:19:28.169 [main] DEBUG com.example.cache.Cache - Cache hit for key: key950
15:19:28.169 [main] DEBUG com.example.cache.Cache - ContainsKey check for key: key951 returned: true
15:19:28.169 [main] DEBUG com.example.cache.Cache - Cache hit for key: key951
15:19:28.169 [main] DEBUG com.example.cache.Cache - ContainsKey check for key: key952 returned: true
15:19:28.169 [main] DEBUG com.example.cache.Cache - Cache hit for key: key952
15:19:28.169 [main] DEBUG com.example.cache.Cache - ContainsKey check for key: key953 returned: true
15:19:28.169 [main] DEBUG com.example.cache.Cache - Cache hit for key: key953
15:19:28.169 [main] DEBUG com.example.cache.Cache - ContainsKey check for key: key954 returned: true
15:19:28.169 [main] DEBUG com.example.cache.Cache - Cache hit for key: key954
15:19:28.169 [main] DEBUG com.example.cache.Cache - ContainsKey check for key: key955 returned: true
15:19:28.169 [main] DEBUG com.example.cache.Cache - Cache hit for key: key955
15:19:28.169 [main] DEBUG com.example.cache.Cache - ContainsKey check for key: key956 returned: true
15:19:28.169 [main] DEBUG com.example.cache.Cache - Cache hit for key: key956
15:19:28.170 [main] DEBUG com.example.cache.Cache - ContainsKey check for key: key957 returned: true
15:19:28.170 [main] DEBUG com.example.cache.Cache - Cache hit for key: key957
15:19:28.170 [main] DEBUG com.example.cache.Cache - ContainsKey check for key: key958 returned: true
15:19:28.170 [main] DEBUG com.example.cache.Cache - Cache hit for key: key958
15:19:28.170 [main] DEBUG com.example.cache.Cache - ContainsKey check for key: key959 returned: true
15:19:28.170 [main] DEBUG com.example.cache.Cache - Cache hit for key: key959
15:19:28.170 [main] DEBUG com.example.cache.Cache - ContainsKey check for key: key960 returned: true
15:19:28.170 [main] DEBUG com.example.cache.Cache - Cache hit for key: key960
15:19:28.170 [main] DEBUG com.example.cache.Cache - ContainsKey check for key: key961 returned: true
15:19:28.170 [main] DEBUG com.example.cache.Cache - Cache hit for key: key961
15:19:28.170 [main] DEBUG com.example.cache.Cache - ContainsKey check for key: key962 returned: true
15:19:28.170 [main] DEBUG com.example.cache.Cache - Cache hit for key: key962
15:19:28.170 [main] DEBUG com.example.cache.Cache - ContainsKey check for key: key963 returned: true
15:19:28.170 [main] DEBUG com.example.cache.Cache - Cache hit for key: key963
15:19:28.170 [main] DEBUG com.example.cache.Cache - ContainsKey check for key: key964 returned: true
15:19:28.170 [main] DEBUG com.example.cache.Cache - Cache hit for key: key964
15:19:28.170 [main] DEBUG com.example.cache.Cache - ContainsKey check for key: key965 returned: true
15:19:28.170 [main] DEBUG com.example.cache.Cache - Cache hit for key: key965
15:19:28.170 [main] DEBUG com.example.cache.Cache - ContainsKey check for key: key966 returned: true
15:19:28.170 [main] DEBUG com.example.cache.Cache - Cache hit for key: key966
15:19:28.170 [main] DEBUG com.example.cache.Cache - ContainsKey check for key: key967 returned: true
15:19:28.170 [main] DEBUG com.example.cache.Cache - Cache hit for key: key967
15:19:28.170 [main] DEBUG com.example.cache.Cache - ContainsKey check for key: key968 returned: true
15:19:28.170 [main] DEBUG com.example.cache.Cache - Cache hit for key: key968
15:19:28.170 [main] DEBUG com.example.cache.Cache - ContainsKey check for key: key969 returned: true
15:19:28.170 [main] DEBUG com.example.cache.Cache - Cache hit for key: key969
15:19:28.170 [main] DEBUG com.example.cache.Cache - ContainsKey check for key: key970 returned: true
15:19:28.170 [main] DEBUG com.example.cache.Cache - Cache hit for key: key970
15:19:28.170 [main] DEBUG com.example.cache.Cache - ContainsKey check for key: key971 returned: true
15:19:28.171 [main] DEBUG com.example.cache.Cache - Cache hit for key: key971
15:19:28.171 [main] DEBUG com.example.cache.Cache - ContainsKey check for key: key972 returned: true
15:19:28.171 [main] DEBUG com.example.cache.Cache - Cache hit for key: key972
15:19:28.171 [main] DEBUG com.example.cache.Cache - ContainsKey check for key: key973 returned: true
15:19:28.171 [main] DEBUG com.example.cache.Cache - Cache hit for key: key973
15:19:28.171 [main] DEBUG com.example.cache.Cache - ContainsKey check for key: key974 returned: true
15:19:28.171 [main] DEBUG com.example.cache.Cache - Cache hit for key: key974
15:19:28.171 [main] DEBUG com.example.cache.Cache - ContainsKey check for key: key975 returned: true
15:19:28.171 [main] DEBUG com.example.cache.Cache - Cache hit for key: key975
15:19:28.171 [main] DEBUG com.example.cache.Cache - ContainsKey check for key: key976 returned: true
15:19:28.171 [main] DEBUG com.example.cache.Cache - Cache hit for key: key976
15:19:28.171 [main] DEBUG com.example.cache.Cache - ContainsKey check for key: key977 returned: true
15:19:28.171 [main] DEBUG com.example.cache.Cache - Cache hit for key: key977
15:19:28.171 [main] DEBUG com.example.cache.Cache - ContainsKey check for key: key978 returned: true
15:19:28.171 [main] DEBUG com.example.cache.Cache - Cache hit for key: key978
15:19:28.171 [main] DEBUG com.example.cache.Cache - ContainsKey check for key: key979 returned: true
15:19:28.171 [main] DEBUG com.example.cache.Cache - Cache hit for key: key979
15:19:28.171 [main] DEBUG com.example.cache.Cache - ContainsKey check for key: key980 returned: true
15:19:28.171 [main] DEBUG com.example.cache.Cache - Cache hit for key: key980
15:19:28.171 [main] DEBUG com.example.cache.Cache - ContainsKey check for key: key981 returned: true
15:19:28.171 [main] DEBUG com.example.cache.Cache - Cache hit for key: key981
15:19:28.171 [main] DEBUG com.example.cache.Cache - ContainsKey check for key: key982 returned: true
15:19:28.171 [main] DEBUG com.example.cache.Cache - Cache hit for key: key982
15:19:28.171 [main] DEBUG com.example.cache.Cache - ContainsKey check for key: key983 returned: true
15:19:28.171 [main] DEBUG com.example.cache.Cache - Cache hit for key: key983
15:19:28.171 [main] DEBUG com.example.cache.Cache - ContainsKey check for key: key984 returned: true
15:19:28.171 [main] DEBUG com.example.cache.Cache - Cache hit for key: key984
15:19:28.171 [main] DEBUG com.example.cache.Cache - ContainsKey check for key: key985 returned: true
15:19:28.171 [main] DEBUG com.example.cache.Cache - Cache hit for key: key985
15:19:28.171 [main] DEBUG com.example.cache.Cache - ContainsKey check for key: key986 returned: true
15:19:28.172 [main] DEBUG com.example.cache.Cache - Cache hit for key: key986
15:19:28.172 [main] DEBUG com.example.cache.Cache - ContainsKey check for key: key987 returned: true
15:19:28.172 [main] DEBUG com.example.cache.Cache - Cache hit for key: key987
15:19:28.172 [main] DEBUG com.example.cache.Cache - ContainsKey check for key: key988 returned: true
15:19:28.172 [main] DEBUG com.example.cache.Cache - Cache hit for key: key988
15:19:28.172 [main] DEBUG com.example.cache.Cache - ContainsKey check for key: key989 returned: true
15:19:28.172 [main] DEBUG com.example.cache.Cache - Cache hit for key: key989
15:19:28.172 [main] DEBUG com.example.cache.Cache - ContainsKey check for key: key990 returned: true
15:19:28.172 [main] DEBUG com.example.cache.Cache - Cache hit for key: key990
15:19:28.172 [main] DEBUG com.example.cache.Cache - ContainsKey check for key: key991 returned: true
15:19:28.172 [main] DEBUG com.example.cache.Cache - Cache hit for key: key991
15:19:28.172 [main] DEBUG com.example.cache.Cache - ContainsKey check for key: key992 returned: true
15:19:28.172 [main] DEBUG com.example.cache.Cache - Cache hit for key: key992
15:19:28.172 [main] DEBUG com.example.cache.Cache - ContainsKey check for key: key993 returned: true
15:19:28.172 [main] DEBUG com.example.cache.Cache - Cache hit for key: key993
15:19:28.172 [main] DEBUG com.example.cache.Cache - ContainsKey check for key: key994 returned: true
15:19:28.172 [main] DEBUG com.example.cache.Cache - Cache hit for key: key994
15:19:28.172 [main] DEBUG com.example.cache.Cache - ContainsKey check for key: key995 returned: true
15:19:28.172 [main] DEBUG com.example.cache.Cache - Cache hit for key: key995
15:19:28.172 [main] DEBUG com.example.cache.Cache - ContainsKey check for key: key996 returned: true
15:19:28.172 [main] DEBUG com.example.cache.Cache - Cache hit for key: key996
15:19:28.172 [main] DEBUG com.example.cache.Cache - ContainsKey check for key: key997 returned: true
15:19:28.172 [main] DEBUG com.example.cache.Cache - Cache hit for key: key997
15:19:28.172 [main] DEBUG com.example.cache.Cache - ContainsKey check for key: key998 returned: true
15:19:28.172 [main] DEBUG com.example.cache.Cache - Cache hit for key: key998
15:19:28.172 [main] DEBUG com.example.cache.Cache - ContainsKey check for key: key999 returned: true
15:19:28.172 [main] DEBUG com.example.cache.Cache - Cache hit for key: key999
]]></system-out>
  </testcase>
  <testcase name="testContainsKeyNullKey" classname="com.example.cache.CacheNegativeTest" time="0.005">
    <system-out><![CDATA[15:19:28.180 [main] ERROR com.example.cache.Cache - Attempted to check containsKey with null key
]]></system-out>
  </testcase>
  <testcase name="testConcurrentLikeOperations" classname="com.example.cache.CacheNegativeTest" time="0.003">
    <system-out><![CDATA[15:19:28.186 [main] DEBUG com.example.cache.Cache - Added new cache entry for key: concurrentKey
15:19:28.186 [main] DEBUG com.example.cache.Cache - Removed cache entry for key: concurrentKey
15:19:28.186 [main] DEBUG com.example.cache.Cache - Added new cache entry for key: concurrentKey
15:19:28.186 [main] DEBUG com.example.cache.Cache - Updated cache entry for key: concurrentKey
15:19:28.186 [main] DEBUG com.example.cache.Cache - ContainsKey check for key: concurrentKey returned: true
15:19:28.186 [main] DEBUG com.example.cache.Cache - Cache hit for key: concurrentKey
15:19:28.186 [main] DEBUG com.example.cache.Cache - Cache size requested: 1
]]></system-out>
  </testcase>
  <testcase name="testSpecialCharacterKeys" classname="com.example.cache.CacheNegativeTest" time="0.002">
    <system-out><![CDATA[15:19:28.192 [main] DEBUG com.example.cache.Cache - Added new cache entry for key: key@#$%^&*()
15:19:28.193 [main] DEBUG com.example.cache.Cache - ContainsKey check for key: key@#$%^&*() returned: true
15:19:28.193 [main] DEBUG com.example.cache.Cache - Cache hit for key: key@#$%^&*()
]]></system-out>
  </testcase>
  <testcase name="testEmptyStringKey" classname="com.example.cache.CacheNegativeTest" time="0.004">
    <system-out><![CDATA[15:19:28.198 [main] DEBUG com.example.cache.Cache - Added new cache entry for key: 
15:19:28.198 [main] DEBUG com.example.cache.Cache - ContainsKey check for key:  returned: true
15:19:28.198 [main] DEBUG com.example.cache.Cache - Cache hit for key: 
]]></system-out>
  </testcase>
  <testcase name="testRemoveNullKey" classname="com.example.cache.CacheNegativeTest" time="0.003">
    <system-out><![CDATA[15:19:28.204 [main] ERROR com.example.cache.Cache - Attempted to remove entry with null key from cache
]]></system-out>
  </testcase>
  <testcase name="testMultipleClearOperations" classname="com.example.cache.CacheNegativeTest" time="0.003">
    <system-out><![CDATA[15:19:28.209 [main] DEBUG com.example.cache.Cache - Added new cache entry for key: key1
15:19:28.210 [main] DEBUG com.example.cache.Cache - Added new cache entry for key: key2
15:19:28.210 [main] INFO  com.example.cache.Cache - Cache cleared. Previous size: 2
15:19:28.210 [main] INFO  com.example.cache.Cache - Cache cleared. Previous size: 0
15:19:28.210 [main] DEBUG com.example.cache.Cache - Cache size requested: 0
15:19:28.210 [main] DEBUG com.example.cache.Cache - Cache isEmpty check returned: true
]]></system-out>
  </testcase>
  <testcase name="testConsistencyAfterMixedOperations" classname="com.example.cache.CacheNegativeTest" time="0.003">
    <system-out><![CDATA[15:19:28.215 [main] DEBUG com.example.cache.Cache - Added new cache entry for key: a
15:19:28.215 [main] DEBUG com.example.cache.Cache - Added new cache entry for key: b
15:19:28.215 [main] DEBUG com.example.cache.Cache - Added new cache entry for key: c
15:19:28.215 [main] DEBUG com.example.cache.Cache - Removed cache entry for key: b
15:19:28.215 [main] DEBUG com.example.cache.Cache - Added new cache entry for key: d
15:19:28.215 [main] DEBUG com.example.cache.Cache - Updated cache entry for key: a
15:19:28.215 [main] DEBUG com.example.cache.Cache - Cache size requested: 3
15:19:28.215 [main] DEBUG com.example.cache.Cache - Cache hit for key: a
15:19:28.216 [main] DEBUG com.example.cache.Cache - ContainsKey check for key: b returned: false
15:19:28.216 [main] DEBUG com.example.cache.Cache - Cache hit for key: c
15:19:28.216 [main] DEBUG com.example.cache.Cache - Cache hit for key: d
]]></system-out>
  </testcase>
  <testcase name="testEmptyCacheOperations" classname="com.example.cache.CacheNegativeTest" time="0.002">
    <system-out><![CDATA[15:19:28.220 [main] DEBUG com.example.cache.Cache - Cache size requested: 0
15:19:28.220 [main] DEBUG com.example.cache.Cache - Cache isEmpty check returned: true
15:19:28.220 [main] DEBUG com.example.cache.Cache - ContainsKey check for key: anyKey returned: false
15:19:28.220 [main] DEBUG com.example.cache.Cache - Cache miss for key: anyKey
15:19:28.220 [main] DEBUG com.example.cache.Cache - Attempted to remove non-existent key: anyKey
]]></system-out>
  </testcase>
  <testcase name="testPutNullKey" classname="com.example.cache.CacheNegativeTest" time="0.003">
    <system-out><![CDATA[15:19:28.224 [main] ERROR com.example.cache.Cache - Attempted to put null key into cache
]]></system-out>
  </testcase>
</testsuite>