<?xml version="1.0" encoding="UTF-8"?>
<testsuite xmlns:xsi="http://www.w3.org/2001/XMLSchema-instance" xsi:noNamespaceSchemaLocation="https://maven.apache.org/surefire/maven-surefire-plugin/xsd/surefire-test-report-3.0.xsd" version="3.0" name="com.example.cache.CachePositiveTest" time="0.048" tests="11" errors="0" skipped="0" failures="0">
  <properties>
[...]
</properties>
  <testcase name="testDifferentDataTypes" classname="com.example.cache.CachePositiveTest" time="0.002">
    <system-out><![CDATA[15:19:32.060 [main] DEBUG com.example.cache.Cache - Added new cache entry for key: 1
15:19:32.060 [main] DEBUG com.example.cache.Cache - Added new cache entry for key: 2
15:19:32.060 [main] DEBUG com.example.cache.Cache - Cache hit for key: 1
15:19:32.060 [main] DEBUG com.example.cache.Cache - Cache hit for key: 2
]]></system-out>
  </testcase>
  <testcase name="testUpdateExistingKey" classname="com.example.cache.CachePositiveTest" time="0.002">
    <system-out><![CDATA[15:19:32.064 [main] DEBUG com.example.cache.Cache - Added new cache entry for key: updateKey
15:19:32.064 [main] DEBUG com.example.cache.Cache - Updated cache entry for key: updateKey
15:19:32.064 [main] DEBUG com.example.cache.Cache - Cache hit for key: updateKey
15:19:32.064 [main] DEBUG com.example.cache.Cache - Cache size requested: 1
]]></system-out>
  </testcase>
  <testcase name="testClear" classname="com.example.cache.CachePositiveTest" time="0.003">
    <system-out><![CDATA[15:19:32.068 [main] DEBUG com.example.cache.Cache - Added new cache entry for key: key1
15:19:32.068 [main] DEBUG com.example.cache.Cache - Added new cache entry for key: key2
15:19:32.068 [main] DEBUG com.example.cache.Cache - Cache size requested: 2
15:19:32.068 [main] INFO  com.example.cache.Cache - Cache cleared. Previous size: 2
15:19:32.068 [main] DEBUG com.example.cache.Cache - Cache size requested: 0
15:19:32.068 [main] DEBUG com.example.cache.Cache - Cache isEmpty check returned: true
15:19:32.068 [main] DEBUG com.example.cache.Cache - ContainsKey check for key: key1 returned: false
15:19:32.068 [main] DEBUG com.example.cache.Cache - ContainsKey check for key: key2 returned: false
]]></system-out>
  </testcase>
  <testcase name="testSize" classname="com.example.cache.CachePositiveTest" time="0.002">
    <system-out><![CDATA[15:19:32.072 [main] DEBUG com.example.cache.Cache - Cache size requested: 0
15:19:32.072 [main] DEBUG com.example.cache.Cache - Added new cache entry for key: key1
15:19:32.073 [main] DEBUG com.example.cache.Cache - Cache size requested: 1
15:19:32.073 [main] DEBUG com.example.cache.Cache - Added new cache entry for key: key2
15:19:32.073 [main] DEBUG com.example.cache.Cache - Cache size requested: 2
15:19:32.073 [main] DEBUG com.example.cache.Cache - Removed cache entry for key: key1
15:19:32.073 [main] DEBUG com.example.cache.Cache - Cache size requested: 1
]]></system-out>
  </testcase>
  <testcase name="testContainsKey" classname="com.example.cache.CachePositiveTest" time="0.002">
    <system-out><![CDATA[15:19:32.076 [main] DEBUG com.example.cache.Cache - Added new cache entry for key: existingKey
15:19:32.076 [main] DEBUG com.example.cache.Cache - ContainsKey check for key: existingKey returned: true
15:19:32.076 [main] DEBUG com.example.cache.Cache - ContainsKey check for key: nonExistentKey returned: false
]]></system-out>
  </testcase>
  <testcase name="testPutAndGet" classname="com.example.cache.CachePositiveTest" time="0.002">
    <system-out><![CDATA[15:19:32.080 [main] DEBUG com.example.cache.Cache - Added new cache entry for key: testKey
15:19:32.080 [main] DEBUG com.example.cache.Cache - Cache hit for key: testKey
]]></system-out>
  </testcase>
  <testcase name="testGetNonExistentKey" classname="com.example.cache.CachePositiveTest" time="0.004">
    <system-out><![CDATA[15:19:32.084 [main] DEBUG com.example.cache.Cache - Cache miss for key: nonExistent
]]></system-out>
  </testcase>
  <testcase name="testNullValues" classname="com.example.cache.CachePositiveTest" time="0.001">
    <system-out><![CDATA[15:19:32.087 [main] DEBUG com.example.cache.Cache - Added new cache entry for key: nullValueKey
15:19:32.087 [main] DEBUG com.example.cache.Cache - ContainsKey check for key: nullValueKey returned: true
15:19:32.087 [main] DEBUG com.example.cache.Cache - Cache miss for key: nullValueKey
]]></system-out>
  </testcase>
  <testcase name="testRemoveNonExistentKey" classname="com.example.cache.CachePositiveTest" time="0.001">
    <system-out><![CDATA[15:19:32.090 [main] DEBUG com.example.cache.Cache - Attempted to remove non-existent key: nonExistent
]]></system-out>
  </testcase>
  <testcase name="testRemoveExistingKey" classname="com.example.cache.CachePositiveTest" time="0.004">
    <system-out><![CDATA[15:19:32.095 [main] DEBUG com.example.cache.Cache - Added new cache entry for key: keyToRemove
15:19:32.095 [main] DEBUG com.example.cache.Cache - Removed cache entry for key: keyToRemove
15:19:32.095 [main] DEBUG com.example.cache.Cache - ContainsKey check for key: keyToRemove returned: false
15:19:32.095 [main] DEBUG com.example.cache.Cache - Cache miss for key: keyToRemove
]]></system-out>
  </testcase>
  <testcase name="testIsEmpty" classname="com.example.cache.CachePositiveTest" time="0.002">
    <system-out><![CDATA[15:19:32.100 [main] DEBUG com.example.cache.Cache - Cache isEmpty check returned: true
15:19:32.100 [main] DEBUG com.example.cache.Cache - Added new cache entry for key: key
15:19:32.100 [main] DEBUG com.example.cache.Cache - Cache isEmpty check returned: false
15:19:32.100 [main] DEBUG com.example.cache.Cache - Removed cache entry for key: key
15:19:32.100 [main] DEBUG com.example.cache.Cache - Cache isEmpty check returned: true
]]></system-out>
  </testcase>
</testsuite>